#
# A fatal error has been detected by the Java Runtime Environment:
#
#  SIGSEGV (0xb) at pc=0x000000010d23617c, pid=774, tid=16643
#
# JRE version: Java(TM) SE Runtime Environment (8.0_31-b13) (build 1.8.0_31-b13)
# Java VM: Java HotSpot(TM) 64-Bit Server VM (25.31-b07 mixed mode bsd-amd64 compressed oops)
# Problematic frame:
# V  [libjvm.dylib+0x42317c]  Method::checked_resolve_jmethod_id(_jmethodID*)+0xe
#
# Failed to write core dump. Core dumps have been disabled. To enable core dumping, try "ulimit -c unlimited" before starting Java again
#
# If you would like to submit a bug report, please visit:
#   http://bugreport.java.com/bugreport/crash.jsp
#

---------------  T H R E A D  ---------------

Current thread (0x00007fbb11854800):  JavaThread "JDWP Transport Listener: dt_socket" daemon [_thread_in_vm, id=16643, stack(0x000000012a369000,0x000000012a469000)]

siginfo: si_signo: 11 (SIGSEGV), si_code: 0 (unknown), si_addr: 0x0000000000000000

Registers:
RAX=0x0000000000000001, RBX=0x000000012a468a8b, RCX=0x000000010d5eac70, RDX=0x000000012a468a8b
RSP=0x000000012a4689d0, RBP=0x000000012a4689e0, RSI=0x00007fbb11854800, RDI=0x73676e69646e6174
R8 =0x0000000000000000, R9 =0x00007fbb10c00000, R10=0x0000000000000010, R11=0x00007fbb10c00000
R12=0x00007fbb11854800, R13=0x73676e69646e6174, R14=0x73676e69646e6174, R15=0x00007fbb10e058b0
RIP=0x000000010d23617c, EFLAGS=0x0000000000010206, ERR=0x0000000000000000
  TRAPNO=0x000000000000000d

Top of Stack: (sp=0x000000012a4689d0)
0x000000012a4689d0:   000000012a468a8b 000000012a468a8b
0x000000012a4689e0:   000000012a468a40 000000010d14819e
0x000000012a4689f0:   00007fbb11854800 0000000000000000
0x000000012a468a00:   0000000000000000 0000000000000000
0x000000012a468a10:   00007fbb11854800 00007fbb11854800
0x000000012a468a20:   000000012a468a8b 000000012a468a90
0x000000012a468a30:   73676e69646e6174 0000000000000006
0x000000012a468a40:   000000012a468a60 000000010de977dc
0x000000012a468a50:   0000000000000001 000000012a468b08
0x000000012a468a60:   000000012a468ad0 000000010de7c263
0x000000012a468a70:   000000012a468aa0 00007fbb10c9c7b0
0x000000012a468a80:   0000000700000032 0000000900468b08
0x000000012a468a90:   0000000000000000 0000000000000000
0x000000012a468aa0:   0000000000000000 000000012a468c90
0x000000012a468ab0:   000000010de9eeca 00007fbb10d86350
0x000000012a468ac0:   000000012a468b08 000000010deaa588
0x000000012a468ad0:   000000012a468ae0 000000010de7c35c
0x000000012a468ae0:   000000012a468d00 000000010de858f6
0x000000012a468af0:   0001773d00000013 00000000000f0200
0x000000012a468b00:   00007fbb10da9100 00007fbb10c12bdf
0x000000012a468b10:   00007fbb00000109 00007fbb10c11e40
0x000000012a468b20:   00007fbb0000012c 000000012a468b58
0x000000012a468b30:   00007fbb10c11e40 00007f0000000000
0x000000012a468b40:   0001773d0000000f 00007fff00009f80
0x000000012a468b50:   000000012a468b58 bb7f000007000000
0x000000012a468b60:   0600000050aae210 00003e74696e693c
0x000000012a468b70:   0000005629280300 7f00000100000000
0x000000012a468b80:   00000070aae210bb 6d6165547465671a
0x000000012a468b90:   676e69646e617453 726f676574614373
0x000000012a468ba0:   2827000000736569 69742f6176616a4c
0x000000012a468bb0:   6c61636f4c2f656d 6a4c293b65746144
0x000000012a468bc0:   6c6974752f617661 00003b7473694c2f 

Instructions: (pc=0x000000010d23617c)
0x000000010d23615c:   40 48 48 85 c0 75 e0 30 c0 0f b6 c0 5d c3 31 c0
0x000000010d23616c:   5d c3 55 48 89 e5 53 48 83 ec 08 48 85 ff 74 24
0x000000010d23617c:   48 8b 1f 48 85 db 74 1c 48 83 fb 37 74 16 48 8b
0x000000010d23618c:   03 48 89 df ff 50 10 84 c0 b8 00 00 00 00 48 0f 

Register to memory mapping:

RAX=0x0000000000000001 is an unknown value
RBX=0x000000012a468a8b is pointing into the stack for thread: 0x00007fbb11854800
RCX=0x000000010d5eac70: UseMembar+0 in /Library/Java/JavaVirtualMachines/jdk1.8.0_31.jdk/Contents/Home/jre/lib/server/libjvm.dylib at 0x000000010ce13000
RDX=0x000000012a468a8b is pointing into the stack for thread: 0x00007fbb11854800
RSP=0x000000012a4689d0 is pointing into the stack for thread: 0x00007fbb11854800
RBP=0x000000012a4689e0 is pointing into the stack for thread: 0x00007fbb11854800
RSI=0x00007fbb11854800 is a thread
RDI=0x73676e69646e6174 is an unknown value
R8 =0x0000000000000000 is an unknown value
R9 =0x00007fbb10c00000 is an unknown value
R10=0x0000000000000010 is an unknown value
R11=0x00007fbb10c00000 is an unknown value
R12=0x00007fbb11854800 is a thread
R13=0x73676e69646e6174 is an unknown value
R14=0x73676e69646e6174 is an unknown value
R15=0x00007fbb10e058b0 is an unknown value


Stack: [0x000000012a369000,0x000000012a469000],  sp=0x000000012a4689d0,  free space=1022k
Native frames: (J=compiled Java code, j=interpreted, Vv=VM code, C=native code)
V  [libjvm.dylib+0x42317c]  Method::checked_resolve_jmethod_id(_jmethodID*)+0xe
V  [libjvm.dylib+0x33519e]  jvmti_IsMethodSynthetic+0xb2
C  [libjdwp.dylib+0x207dc]  isMethodSynthetic+0x63
C  [libjdwp.dylib+0x5263]  methods1+0x10b
C  [libjdwp.dylib+0x535c]  methodsWithGeneric+0xe
C  [libjdwp.dylib+0xe8f6]  debugLoop_run+0x1ce
C  [libjdwp.dylib+0x1f716]  attachThread+0x4d
V  [libjvm.dylib+0x3761fe]  JvmtiAgentThread::call_start_function()+0x38
V  [libjvm.dylib+0x5360cf]  JavaThread::thread_main_inner()+0x9b
V  [libjvm.dylib+0x53780c]  JavaThread::run()+0x1c2
V  [libjvm.dylib+0x45d772]  java_start(Thread*)+0xf6
C  [libsystem_pthread.dylib+0x3268]  _pthread_body+0x83
C  [libsystem_pthread.dylib+0x31e5]  _pthread_body+0x0
C  [libsystem_pthread.dylib+0x141d]  thread_start+0xd
C  0x0000000000000000


---------------  P R O C E S S  ---------------

Java Threads: ( => current thread )
  0x00007fbb1200c000 JavaThread "DestroyJavaVM" [_thread_blocked, id=4867, stack(0x000000010dd33000,0x000000010de33000)]
  0x00007fbb11a43000 JavaThread "pool-1-thread-1" [_thread_blocked, id=22535, stack(0x000000012b70f000,0x000000012b80f000)]
  0x00007fbb129ec000 JavaThread "MySQL Statement Cancellation Timer" daemon [_thread_blocked, id=20739, stack(0x000000012b3a1000,0x000000012b4a1000)]
  0x00007fbb11010000 JavaThread "Service Thread" daemon [_thread_blocked, id=19715, stack(0x000000012a97b000,0x000000012aa7b000)]
  0x00007fbb1280b000 JavaThread "C1 CompilerThread2" daemon [_thread_blocked, id=19203, stack(0x000000012a878000,0x000000012a978000)]
  0x00007fbb1280a000 JavaThread "C2 CompilerThread1" daemon [_thread_blocked, id=18691, stack(0x000000012a775000,0x000000012a875000)]
  0x00007fbb12833800 JavaThread "C2 CompilerThread0" daemon [_thread_blocked, id=18179, stack(0x000000012a672000,0x000000012a772000)]
  0x00007fbb12834800 JavaThread "JDWP Command Reader" daemon [_thread_in_native, id=17667, stack(0x000000012a56f000,0x000000012a66f000)]
  0x00007fbb1201d000 JavaThread "JDWP Event Helper Thread" daemon [_thread_blocked, id=17155, stack(0x000000012a46c000,0x000000012a56c000)]
=>0x00007fbb11854800 JavaThread "JDWP Transport Listener: dt_socket" daemon [_thread_in_vm, id=16643, stack(0x000000012a369000,0x000000012a469000)]
  0x00007fbb12830000 JavaThread "Signal Dispatcher" daemon [_thread_blocked, id=13331, stack(0x000000012a25f000,0x000000012a35f000)]
  0x00007fbb11007800 JavaThread "Finalizer" daemon [_thread_blocked, id=11523, stack(0x0000000128919000,0x0000000128a19000)]
  0x00007fbb11007000 JavaThread "Reference Handler" daemon [_thread_blocked, id=11011, stack(0x0000000128816000,0x0000000128916000)]

Other Threads:
  0x00007fbb1282f800 VMThread [stack: 0x0000000128713000,0x0000000128813000] [id=10499]
  0x00007fbb11851800 WatcherThread [stack: 0x000000012aa7e000,0x000000012ab7e000] [id=20227]

VM state:not at safepoint (normal execution)

VM Mutex/Monitor currently owned by a thread: None

Heap:
 PSYoungGen      total 76288K, used 36613K [0x000000076ab00000, 0x0000000770000000, 0x00000007c0000000)
  eden space 65536K, 46% used [0x000000076ab00000,0x000000076c888c98,0x000000076eb00000)
  from space 10752K, 59% used [0x000000076eb00000,0x000000076f1387f0,0x000000076f580000)
  to   space 10752K, 0% used [0x000000076f580000,0x000000076f580000,0x0000000770000000)
 ParOldGen       total 175104K, used 80K [0x00000006c0000000, 0x00000006cab00000, 0x000000076ab00000)
  object space 175104K, 0% used [0x00000006c0000000,0x00000006c0014010,0x00000006cab00000)
 Metaspace       used 14556K, capacity 14700K, committed 14976K, reserved 1062912K
  class space    used 1777K, capacity 1818K, committed 1920K, reserved 1048576K

Card table byte_map: [0x000000011d293000,0x000000011da94000] byte_map_base: 0x0000000119c93000

Marking Bits: (ParMarkBitMap*) 0x000000010d6b1410
 Begin Bits: [0x000000011e3f6000, 0x00000001223f6000)
 End Bits:   [0x00000001223f6000, 0x00000001263f6000)

Polling page: 0x000000010c5f3000

CodeCache: size=245760Kb used=4496Kb max_used=4504Kb free=241263Kb
 bounds [0x000000010ded3000, 0x000000010e343000, 0x000000011ced3000]
 total_blobs=1644 nmethods=1249 adapters=318
 compilation: enabled

Compilation events (10 events):
Event: 2.414 Thread 0x00007fbb1280b000 nmethod 1243 0x000000010e335d50 code [0x000000010e335ec0, 0x000000010e336170]
Event: 2.416 Thread 0x00007fbb1280b000 1245       1       org.hibernate.cfg.Ejb3Column::getMappings (5 bytes)
Event: 2.416 Thread 0x00007fbb1280b000 nmethod 1245 0x000000010e335a90 code [0x000000010e335be0, 0x000000010e335cf0]
Event: 2.417 Thread 0x00007fbb1280b000 1246       3       org.hibernate.cfg.Ejb3Column::setJoins (6 bytes)
Event: 2.418 Thread 0x00007fbb1280b000 nmethod 1246 0x000000010e335750 code [0x000000010e3358a0, 0x000000010e335a10]
Event: 2.418 Thread 0x00007fbb1280b000 1247       3       org.hibernate.mapping.Column::equals (47 bytes)
Event: 2.418 Thread 0x00007fbb1280b000 nmethod 1247 0x000000010e335050 code [0x000000010e3351e0, 0x000000010e3355f8]
Event: 2.419 Thread 0x00007fbb1280b000 1248       3       org.hibernate.internal.util.collections.JoinedIterator::updateCurrentIterator (101 bytes)
Event: 2.420 Thread 0x00007fbb1280b000 nmethod 1248 0x000000010e3346d0 code [0x000000010e334880, 0x000000010e334e28]
Event: 2.445 Thread 0x00007fbb1280a000 nmethod 1237 0x000000010e33a350 code [0x000000010e33a680, 0x000000010e33bbc0]

GC Heap History (2 events):
Event: 1.570 GC heap before
{Heap before GC invocations=1 (full 0):
 PSYoungGen      total 76288K, used 65536K [0x000000076ab00000, 0x0000000770000000, 0x00000007c0000000)
  eden space 65536K, 100% used [0x000000076ab00000,0x000000076eb00000,0x000000076eb00000)
  from space 10752K, 0% used [0x000000076f580000,0x000000076f580000,0x0000000770000000)
  to   space 10752K, 0% used [0x000000076eb00000,0x000000076eb00000,0x000000076f580000)
 ParOldGen       total 175104K, used 0K [0x00000006c0000000, 0x00000006cab00000, 0x000000076ab00000)
  object space 175104K, 0% used [0x00000006c0000000,0x00000006c0000000,0x00000006cab00000)
 Metaspace       used 11941K, capacity 12022K, committed 12288K, reserved 1060864K
  class space    used 1447K, capacity 1489K, committed 1536K, reserved 1048576K
Event: 1.579 GC heap after
Heap after GC invocations=1 (full 0):
 PSYoungGen      total 76288K, used 6369K [0x000000076ab00000, 0x0000000770000000, 0x00000007c0000000)
  eden space 65536K, 0% used [0x000000076ab00000,0x000000076ab00000,0x000000076eb00000)
  from space 10752K, 59% used [0x000000076eb00000,0x000000076f1387f0,0x000000076f580000)
  to   space 10752K, 0% used [0x000000076f580000,0x000000076f580000,0x0000000770000000)
 ParOldGen       total 175104K, used 80K [0x00000006c0000000, 0x00000006cab00000, 0x000000076ab00000)
  object space 175104K, 0% used [0x00000006c0000000,0x00000006c0014010,0x00000006cab00000)
 Metaspace       used 11941K, capacity 12022K, committed 12288K, reserved 1060864K
  class space    used 1447K, capacity 1489K, committed 1536K, reserved 1048576K
}

Deoptimization events (3 events):
Event: 1.057 Thread 0x00007fbb1200c000 Uncommon trap: reason=unreached action=reinterpret pc=0x000000010e0b665c method=java.lang.AbstractStringBuilder.append(Ljava/lang/String;)Ljava/lang/AbstractStringBuilder; @ 1
Event: 1.069 Thread 0x00007fbb1200c000 Uncommon trap: reason=unreached action=reinterpret pc=0x000000010e148304 method=sun.misc.URLClassPath$JarLoader.getResource(Ljava/lang/String;ZLjava/util/Set;)Lsun/misc/Resource; @ 17
Event: 1.595 Thread 0x00007fbb1200c000 Uncommon trap: reason=unreached action=reinterpret pc=0x000000010e0ae1a8 method=java.lang.AbstractStringBuilder.append(Ljava/lang/String;)Ljava/lang/AbstractStringBuilder; @ 1

Internal exceptions (10 events):
Event: 2.407 Thread 0x00007fbb1200c000 Exception <a 'java/security/PrivilegedActionException'> (0x000000076c57ca50) thrown at [/Users/java_re/workspace/8-2-build-macosx-x86_64/jdk8u31/2394/hotspot/src/share/vm/prims/jvm.cpp, line 1312]
Event: 2.408 Thread 0x00007fbb1200c000 Exception <a 'java/security/PrivilegedActionException'> (0x000000076c586128) thrown at [/Users/java_re/workspace/8-2-build-macosx-x86_64/jdk8u31/2394/hotspot/src/share/vm/prims/jvm.cpp, line 1312]
Event: 2.410 Thread 0x00007fbb1200c000 Exception <a 'java/security/PrivilegedActionException'> (0x000000076c59c5d8) thrown at [/Users/java_re/workspace/8-2-build-macosx-x86_64/jdk8u31/2394/hotspot/src/share/vm/prims/jvm.cpp, line 1312]
Event: 2.413 Thread 0x00007fbb1200c000 Exception <a 'java/security/PrivilegedActionException'> (0x000000076c5a9948) thrown at [/Users/java_re/workspace/8-2-build-macosx-x86_64/jdk8u31/2394/hotspot/src/share/vm/prims/jvm.cpp, line 1312]
Event: 2.414 Thread 0x00007fbb1200c000 Exception <a 'java/security/PrivilegedActionException'> (0x000000076c5b5ae0) thrown at [/Users/java_re/workspace/8-2-build-macosx-x86_64/jdk8u31/2394/hotspot/src/share/vm/prims/jvm.cpp, line 1312]
Event: 2.415 Thread 0x00007fbb1200c000 Exception <a 'java/security/PrivilegedActionException'> (0x000000076c5be8c8) thrown at [/Users/java_re/workspace/8-2-build-macosx-x86_64/jdk8u31/2394/hotspot/src/share/vm/prims/jvm.cpp, line 1312]
Event: 2.415 Thread 0x00007fbb1200c000 Exception <a 'java/security/PrivilegedActionException'> (0x000000076c5c7568) thrown at [/Users/java_re/workspace/8-2-build-macosx-x86_64/jdk8u31/2394/hotspot/src/share/vm/prims/jvm.cpp, line 1312]
Event: 2.419 Thread 0x00007fbb1200c000 Exception <a 'java/security/PrivilegedActionException'> (0x000000076c5e73c0) thrown at [/Users/java_re/workspace/8-2-build-macosx-x86_64/jdk8u31/2394/hotspot/src/share/vm/prims/jvm.cpp, line 1312]
Event: 2.420 Thread 0x00007fbb1200c000 Exception <a 'java/security/PrivilegedActionException'> (0x000000076c5efe00) thrown at [/Users/java_re/workspace/8-2-build-macosx-x86_64/jdk8u31/2394/hotspot/src/share/vm/prims/jvm.cpp, line 1312]
Event: 2.420 Thread 0x00007fbb1200c000 Exception <a 'java/security/PrivilegedActionException'> (0x000000076c5f8d68) thrown at [/Users/java_re/workspace/8-2-build-macosx-x86_64/jdk8u31/2394/hotspot/src/share/vm/prims/jvm.cpp, line 1312]

Events (10 events):
Event: 547.693 Executing VM operation: ChangeBreakpoints
Event: 547.693 Executing VM operation: ChangeBreakpoints done
Event: 547.693 Executing VM operation: ChangeBreakpoints
Event: 547.693 Executing VM operation: ChangeBreakpoints done
Event: 547.694 Executing VM operation: ChangeBreakpoints
Event: 547.694 Executing VM operation: ChangeBreakpoints done
Event: 547.694 Executing VM operation: ChangeBreakpoints
Event: 547.694 Executing VM operation: ChangeBreakpoints done
Event: 547.700 Executing VM operation: RedefineClasses
Event: 547.717 Executing VM operation: RedefineClasses done


Dynamic libraries:
0x0000000003d04000 	/System/Library/Frameworks/Cocoa.framework/Versions/A/Cocoa
0x0000000003d04000 	/System/Library/Frameworks/Security.framework/Versions/A/Security
0x0000000003d04000 	/System/Library/Frameworks/ApplicationServices.framework/Versions/A/ApplicationServices
0x0000000003d04000 	/usr/lib/libz.1.dylib
0x0000000003d04000 	/usr/lib/libSystem.B.dylib
0x0000000003d04000 	/usr/lib/libobjc.A.dylib
0x0000000003d04000 	/System/Library/Frameworks/CoreFoundation.framework/Versions/A/CoreFoundation
0x0000000003d04000 	/System/Library/Frameworks/Foundation.framework/Versions/C/Foundation
0x0000000003d04000 	/System/Library/Frameworks/AppKit.framework/Versions/C/AppKit
0x0000000003d04000 	/System/Library/Frameworks/CoreData.framework/Versions/A/CoreData
0x0000000003d04000 	/System/Library/PrivateFrameworks/RemoteViewServices.framework/Versions/A/RemoteViewServices
0x0000000003d04000 	/System/Library/PrivateFrameworks/UIFoundation.framework/Versions/A/UIFoundation
0x0000000003d04000 	/System/Library/Frameworks/IOSurface.framework/Versions/A/IOSurface
0x0000000003d04000 	/System/Library/Frameworks/AudioToolbox.framework/Versions/A/AudioToolbox
0x0000000003d04000 	/System/Library/Frameworks/AudioUnit.framework/Versions/A/AudioUnit
0x0000000003d04000 	/System/Library/PrivateFrameworks/DataDetectorsCore.framework/Versions/A/DataDetectorsCore
0x0000000003d04000 	/System/Library/PrivateFrameworks/DesktopServicesPriv.framework/Versions/A/DesktopServicesPriv
0x0000000003d04000 	/System/Library/Frameworks/Carbon.framework/Versions/A/Frameworks/HIToolbox.framework/Versions/A/HIToolbox
0x0000000003d04000 	/System/Library/Frameworks/QuartzCore.framework/Versions/A/QuartzCore
0x0000000003d04000 	/System/Library/Frameworks/Carbon.framework/Versions/A/Frameworks/SpeechRecognition.framework/Versions/A/SpeechRecognition
0x0000000003d04000 	/usr/lib/libauto.dylib
0x0000000003d04000 	/usr/lib/libicucore.A.dylib
0x0000000003d04000 	/usr/lib/libxml2.2.dylib
0x0000000003d04000 	/System/Library/PrivateFrameworks/CoreUI.framework/Versions/A/CoreUI
0x0000000003d04000 	/System/Library/Frameworks/CoreAudio.framework/Versions/A/CoreAudio
0x0000000003d04000 	/System/Library/Frameworks/DiskArbitration.framework/Versions/A/DiskArbitration
0x0000000003d04000 	/usr/lib/liblangid.dylib
0x0000000003d04000 	/System/Library/PrivateFrameworks/MultitouchSupport.framework/Versions/A/MultitouchSupport
0x0000000003d04000 	/System/Library/Frameworks/IOKit.framework/Versions/A/IOKit
0x0000000003d04000 	/usr/lib/libDiagnosticMessagesClient.dylib
0x0000000003d04000 	/System/Library/Frameworks/CoreServices.framework/Versions/A/CoreServices
0x0000000003d04000 	/System/Library/PrivateFrameworks/PerformanceAnalysis.framework/Versions/A/PerformanceAnalysis
0x0000000003d04000 	/System/Library/PrivateFrameworks/GenerationalStorage.framework/Versions/A/GenerationalStorage
0x0000000003d04000 	/System/Library/Frameworks/OpenGL.framework/Versions/A/OpenGL
0x0000000003d04000 	/System/Library/PrivateFrameworks/Sharing.framework/Versions/A/Sharing
0x0000000003d04000 	/System/Library/Frameworks/CoreGraphics.framework/Versions/A/CoreGraphics
0x0000000003d04000 	/System/Library/Frameworks/CoreText.framework/Versions/A/CoreText
0x0000000003d04000 	/System/Library/Frameworks/ImageIO.framework/Versions/A/ImageIO
0x0000000003d04000 	/usr/lib/libextension.dylib
0x0000000003d04000 	/System/Library/PrivateFrameworks/Backup.framework/Versions/A/Backup
0x0000000003d04000 	/usr/lib/libarchive.2.dylib
0x0000000003d04000 	/System/Library/Frameworks/CFNetwork.framework/Versions/A/CFNetwork
0x0000000003d04000 	/System/Library/Frameworks/SystemConfiguration.framework/Versions/A/SystemConfiguration
0x0000000003d04000 	/usr/lib/libCRFSuite.dylib
0x0000000003d04000 	/usr/lib/libc++.1.dylib
0x0000000003d04000 	/usr/lib/libc++abi.dylib
0x0000000003d04000 	/usr/lib/system/libcache.dylib
0x0000000003d04000 	/usr/lib/system/libcommonCrypto.dylib
0x0000000003d04000 	/usr/lib/system/libcompiler_rt.dylib
0x0000000003d04000 	/usr/lib/system/libcopyfile.dylib
0x0000000003d04000 	/usr/lib/system/libcorecrypto.dylib
0x0000000003d04000 	/usr/lib/system/libdispatch.dylib
0x0000000003d04000 	/usr/lib/system/libdyld.dylib
0x0000000003d04000 	/usr/lib/system/libkeymgr.dylib
0x0000000003d04000 	/usr/lib/system/liblaunch.dylib
0x0000000003d04000 	/usr/lib/system/libmacho.dylib
0x0000000003d04000 	/usr/lib/system/libquarantine.dylib
0x0000000003d04000 	/usr/lib/system/libremovefile.dylib
0x0000000003d04000 	/usr/lib/system/libsystem_asl.dylib
0x0000000003d04000 	/usr/lib/system/libsystem_blocks.dylib
0x0000000003d04000 	/usr/lib/system/libsystem_c.dylib
0x0000000003d04000 	/usr/lib/system/libsystem_configuration.dylib
0x0000000003d04000 	/usr/lib/system/libsystem_coreservices.dylib
0x0000000003d04000 	/usr/lib/system/libsystem_coretls.dylib
0x0000000003d04000 	/usr/lib/system/libsystem_dnssd.dylib
0x0000000003d04000 	/usr/lib/system/libsystem_info.dylib
0x0000000003d04000 	/usr/lib/system/libsystem_kernel.dylib
0x0000000003d04000 	/usr/lib/system/libsystem_m.dylib
0x0000000003d04000 	/usr/lib/system/libsystem_malloc.dylib
0x0000000003d04000 	/usr/lib/system/libsystem_network.dylib
0x0000000003d04000 	/usr/lib/system/libsystem_networkextension.dylib
0x0000000003d04000 	/usr/lib/system/libsystem_notify.dylib
0x0000000003d04000 	/usr/lib/system/libsystem_platform.dylib
0x0000000003d04000 	/usr/lib/system/libsystem_pthread.dylib
0x0000000003d04000 	/usr/lib/system/libsystem_sandbox.dylib
0x0000000003d04000 	/usr/lib/system/libsystem_secinit.dylib
0x0000000003d04000 	/usr/lib/system/libsystem_stats.dylib
0x0000000003d04000 	/usr/lib/system/libsystem_trace.dylib
0x0000000003d04000 	/usr/lib/system/libunc.dylib
0x0000000003d04000 	/usr/lib/system/libunwind.dylib
0x0000000003d04000 	/usr/lib/system/libxpc.dylib
0x0000000003d04000 	/usr/lib/libbz2.1.0.dylib
0x0000000003d04000 	/usr/lib/liblzma.5.dylib
0x0000000003d04000 	/usr/lib/libbsm.0.dylib
0x0000000003d04000 	/usr/lib/libsqlite3.dylib
0x0000000003d04000 	/usr/lib/system/libkxld.dylib
0x0000000003d04000 	/usr/lib/libxar.1.dylib
0x0000000003d04000 	/usr/lib/libpam.2.dylib
0x0000000003d04000 	/usr/lib/libOpenScriptingUtil.dylib
0x0000000003d04000 	/System/Library/Frameworks/CoreServices.framework/Versions/A/Frameworks/FSEvents.framework/Versions/A/FSEvents
0x0000000003d04000 	/System/Library/Frameworks/CoreServices.framework/Versions/A/Frameworks/CarbonCore.framework/Versions/A/CarbonCore
0x0000000003d04000 	/System/Library/Frameworks/CoreServices.framework/Versions/A/Frameworks/Metadata.framework/Versions/A/Metadata
0x0000000003d04000 	/System/Library/Frameworks/CoreServices.framework/Versions/A/Frameworks/OSServices.framework/Versions/A/OSServices
0x0000000003d04000 	/System/Library/Frameworks/CoreServices.framework/Versions/A/Frameworks/SearchKit.framework/Versions/A/SearchKit
0x0000000003d04000 	/System/Library/Frameworks/CoreServices.framework/Versions/A/Frameworks/AE.framework/Versions/A/AE
0x0000000003d04000 	/System/Library/Frameworks/CoreServices.framework/Versions/A/Frameworks/LaunchServices.framework/Versions/A/LaunchServices
0x0000000003d04000 	/System/Library/Frameworks/CoreServices.framework/Versions/A/Frameworks/DictionaryServices.framework/Versions/A/DictionaryServices
0x0000000003d04000 	/System/Library/Frameworks/NetFS.framework/Versions/A/NetFS
0x0000000003d04000 	/System/Library/PrivateFrameworks/NetAuth.framework/Versions/A/NetAuth
0x0000000003d04000 	/System/Library/PrivateFrameworks/login.framework/Versions/A/Frameworks/loginsupport.framework/Versions/A/loginsupport
0x0000000003d04000 	/System/Library/PrivateFrameworks/TCC.framework/Versions/A/TCC
0x0000000003d04000 	/usr/lib/libmecabra.dylib
0x0000000003d04000 	/System/Library/Frameworks/ApplicationServices.framework/Versions/A/Frameworks/ATS.framework/Versions/A/ATS
0x0000000003d04000 	/System/Library/Frameworks/ApplicationServices.framework/Versions/A/Frameworks/ColorSync.framework/Versions/A/ColorSync
0x0000000003d04000 	/System/Library/Frameworks/ApplicationServices.framework/Versions/A/Frameworks/HIServices.framework/Versions/A/HIServices
0x0000000003d04000 	/System/Library/Frameworks/ApplicationServices.framework/Versions/A/Frameworks/LangAnalysis.framework/Versions/A/LangAnalysis
0x0000000003d04000 	/System/Library/Frameworks/ApplicationServices.framework/Versions/A/Frameworks/PrintCore.framework/Versions/A/PrintCore
0x0000000003d04000 	/System/Library/Frameworks/ApplicationServices.framework/Versions/A/Frameworks/QD.framework/Versions/A/QD
0x0000000003d04000 	/System/Library/Frameworks/ApplicationServices.framework/Versions/A/Frameworks/SpeechSynthesis.framework/Versions/A/SpeechSynthesis
0x0000000003d04000 	/System/Library/Frameworks/Accelerate.framework/Versions/A/Accelerate
0x0000000003d04000 	/System/Library/Frameworks/Accelerate.framework/Versions/A/Frameworks/vImage.framework/Versions/A/vImage
0x0000000003d04000 	/System/Library/Frameworks/Accelerate.framework/Versions/A/Frameworks/vecLib.framework/Versions/A/vecLib
0x0000000003d04000 	/System/Library/Frameworks/Accelerate.framework/Versions/A/Frameworks/vecLib.framework/Versions/A/libvDSP.dylib
0x0000000003d04000 	/System/Library/Frameworks/Accelerate.framework/Versions/A/Frameworks/vecLib.framework/Versions/A/libvMisc.dylib
0x0000000003d04000 	/System/Library/Frameworks/Accelerate.framework/Versions/A/Frameworks/vecLib.framework/Versions/A/libLAPACK.dylib
0x0000000003d04000 	/System/Library/Frameworks/Accelerate.framework/Versions/A/Frameworks/vecLib.framework/Versions/A/libBLAS.dylib
0x0000000003d04000 	/System/Library/Frameworks/Accelerate.framework/Versions/A/Frameworks/vecLib.framework/Versions/A/libLinearAlgebra.dylib
0x0000000003d04000 	/System/Library/Frameworks/ApplicationServices.framework/Versions/A/Frameworks/ATS.framework/Versions/A/Resources/libFontParser.dylib
0x0000000003d04000 	/System/Library/Frameworks/ApplicationServices.framework/Versions/A/Frameworks/ATS.framework/Versions/A/Resources/libFontRegistry.dylib
0x0000000003d04000 	/System/Library/PrivateFrameworks/AppleVPA.framework/Versions/A/AppleVPA
0x0000000003d04000 	/System/Library/PrivateFrameworks/AppleJPEG.framework/Versions/A/AppleJPEG
0x0000000003d04000 	/System/Library/Frameworks/ImageIO.framework/Versions/A/Resources/libJPEG.dylib
0x0000000003d04000 	/System/Library/Frameworks/ImageIO.framework/Versions/A/Resources/libTIFF.dylib
0x0000000003d04000 	/System/Library/Frameworks/ImageIO.framework/Versions/A/Resources/libPng.dylib
0x0000000003d04000 	/System/Library/Frameworks/ImageIO.framework/Versions/A/Resources/libGIF.dylib
0x0000000003d04000 	/System/Library/Frameworks/ImageIO.framework/Versions/A/Resources/libJP2.dylib
0x0000000003d04000 	/System/Library/Frameworks/ImageIO.framework/Versions/A/Resources/libRadiance.dylib
0x0000000003d04000 	/System/Library/Frameworks/CoreVideo.framework/Versions/A/CoreVideo
0x0000000003d04000 	/System/Library/Frameworks/OpenGL.framework/Versions/A/Libraries/libGLU.dylib
0x0000000003d04000 	/System/Library/Frameworks/OpenGL.framework/Versions/A/Libraries/libGFXShared.dylib
0x0000000003d04000 	/System/Library/Frameworks/OpenGL.framework/Versions/A/Libraries/libGL.dylib
0x0000000003d04000 	/System/Library/Frameworks/OpenGL.framework/Versions/A/Libraries/libGLImage.dylib
0x0000000003d04000 	/System/Library/Frameworks/OpenGL.framework/Versions/A/Libraries/libCVMSPluginSupport.dylib
0x0000000003d04000 	/System/Library/Frameworks/OpenGL.framework/Versions/A/Libraries/libCoreVMClient.dylib
0x0000000003d04000 	/usr/lib/libcups.2.dylib
0x0000000003d04000 	/System/Library/Frameworks/Kerberos.framework/Versions/A/Kerberos
0x0000000003d04000 	/System/Library/Frameworks/GSS.framework/Versions/A/GSS
0x0000000003d04000 	/usr/lib/libresolv.9.dylib
0x0000000003d04000 	/usr/lib/libiconv.2.dylib
0x0000000003d04000 	/System/Library/PrivateFrameworks/Heimdal.framework/Versions/A/Heimdal
0x0000000003d04000 	/usr/lib/libheimdal-asn1.dylib
0x0000000003d04000 	/System/Library/Frameworks/OpenDirectory.framework/Versions/A/OpenDirectory
0x0000000003d04000 	/System/Library/PrivateFrameworks/CommonAuth.framework/Versions/A/CommonAuth
0x0000000003d04000 	/System/Library/Frameworks/OpenDirectory.framework/Versions/A/Frameworks/CFOpenDirectory.framework/Versions/A/CFOpenDirectory
0x0000000003d04000 	/System/Library/Frameworks/SecurityFoundation.framework/Versions/A/SecurityFoundation
0x0000000003d04000 	/System/Library/PrivateFrameworks/LanguageModeling.framework/Versions/A/LanguageModeling
0x0000000003d04000 	/usr/lib/libcmph.dylib
0x0000000003d04000 	/System/Library/Frameworks/ServiceManagement.framework/Versions/A/ServiceManagement
0x0000000003d04000 	/usr/lib/libxslt.1.dylib
0x0000000003d04000 	/System/Library/Frameworks/Carbon.framework/Versions/A/Frameworks/Ink.framework/Versions/A/Ink
0x0000000003d04000 	/System/Library/Frameworks/QuartzCore.framework/Versions/A/Frameworks/CoreImage.framework/Versions/A/CoreImage
0x0000000003d04000 	/System/Library/PrivateFrameworks/CrashReporterSupport.framework/Versions/A/CrashReporterSupport
0x0000000003d04000 	/System/Library/Frameworks/OpenCL.framework/Versions/A/OpenCL
0x0000000003d04000 	/System/Library/PrivateFrameworks/FaceCore.framework/Versions/A/FaceCore
0x0000000003d04000 	/System/Library/PrivateFrameworks/Ubiquity.framework/Versions/A/Ubiquity
0x0000000003d04000 	/System/Library/PrivateFrameworks/IconServices.framework/Versions/A/IconServices
0x0000000003d04000 	/System/Library/PrivateFrameworks/ChunkingLibrary.framework/Versions/A/ChunkingLibrary
0x0000000003d04000 	/System/Library/PrivateFrameworks/Apple80211.framework/Versions/A/Apple80211
0x0000000003d04000 	/System/Library/Frameworks/CoreWLAN.framework/Versions/A/CoreWLAN
0x0000000003d04000 	/System/Library/Frameworks/IOBluetooth.framework/Versions/A/IOBluetooth
0x0000000003d04000 	/System/Library/PrivateFrameworks/CoreWiFi.framework/Versions/A/CoreWiFi
0x0000000003d04000 	/System/Library/Frameworks/CoreBluetooth.framework/Versions/A/CoreBluetooth
0x0000000003d04000 	/System/Library/PrivateFrameworks/DebugSymbols.framework/Versions/A/DebugSymbols
0x0000000003d04000 	/System/Library/PrivateFrameworks/CoreSymbolication.framework/Versions/A/CoreSymbolication
0x0000000003d04000 	/System/Library/PrivateFrameworks/Symbolication.framework/Versions/A/Symbolication
0x0000000003d04000 	/System/Library/PrivateFrameworks/SpeechRecognitionCore.framework/Versions/A/SpeechRecognitionCore
0x000000010ce13000 	/Library/Java/JavaVirtualMachines/jdk1.8.0_31.jdk/Contents/Home/jre/lib/server/libjvm.dylib
0x0000000003d04000 	/usr/lib/libstdc++.6.dylib
0x000000010de35000 	/Library/Java/JavaVirtualMachines/jdk1.8.0_31.jdk/Contents/Home/jre/lib/libverify.dylib
0x000000010de43000 	/Library/Java/JavaVirtualMachines/jdk1.8.0_31.jdk/Contents/Home/jre/lib/libjava.dylib
0x000000010de77000 	/Library/Java/JavaVirtualMachines/jdk1.8.0_31.jdk/Contents/Home/jre/lib/libjdwp.dylib
0x000000010c5f4000 	/Library/Java/JavaVirtualMachines/jdk1.8.0_31.jdk/Contents/Home/jre/lib/libnpt.dylib
0x000000010deca000 	/Library/Java/JavaVirtualMachines/jdk1.8.0_31.jdk/Contents/Home/jre/lib/libzip.dylib
0x0000000128a1b000 	/System/Library/Frameworks/JavaVM.framework/Frameworks/JavaRuntimeSupport.framework/JavaRuntimeSupport
0x0000000128a33000 	/System/Library/Frameworks/JavaVM.framework/Versions/A/Frameworks/JavaNativeFoundation.framework/Versions/A/JavaNativeFoundation
0x0000000128a48000 	/System/Library/Frameworks/JavaVM.framework/Versions/A/JavaVM
0x0000000003d04000 	/System/Library/Frameworks/Carbon.framework/Versions/A/Carbon
0x0000000128a55000 	/System/Library/PrivateFrameworks/JavaLaunching.framework/Versions/A/JavaLaunching
0x0000000003d04000 	/System/Library/Frameworks/Carbon.framework/Versions/A/Frameworks/CommonPanels.framework/Versions/A/CommonPanels
0x0000000003d04000 	/System/Library/Frameworks/Carbon.framework/Versions/A/Frameworks/Help.framework/Versions/A/Help
0x0000000003d04000 	/System/Library/Frameworks/Carbon.framework/Versions/A/Frameworks/ImageCapture.framework/Versions/A/ImageCapture
0x0000000003d04000 	/System/Library/Frameworks/Carbon.framework/Versions/A/Frameworks/OpenScripting.framework/Versions/A/OpenScripting
0x0000000003d04000 	/System/Library/Frameworks/Carbon.framework/Versions/A/Frameworks/Print.framework/Versions/A/Print
0x0000000003d04000 	/System/Library/Frameworks/Carbon.framework/Versions/A/Frameworks/SecurityHI.framework/Versions/A/SecurityHI
0x000000012a361000 	/Library/Java/JavaVirtualMachines/jdk1.8.0_31.jdk/Contents/Home/jre/lib/libdt_socket.dylib
0x000000012b06d000 	/Library/Java/JavaVirtualMachines/jdk1.8.0_31.jdk/Contents/Home/jre/lib/libnet.dylib

VM Arguments:
jvm_args: -agentlib:jdwp=transport=dt_socket,address=127.0.0.1:49997,suspend=y,server=n -Denv=dev -Dlog4j.configuration=log4j_properties_dev.properties -Dfile.encoding=UTF-8 
java_command: com.homer.fantasy.dao.impl.HibernateStandingsDAO
java_class_path (initial): /Library/Java/JavaVirtualMachines/jdk1.8.0_31.jdk/Contents/Home/lib/ant-javafx.jar:/Library/Java/JavaVirtualMachines/jdk1.8.0_31.jdk/Contents/Home/lib/dt.jar:/Library/Java/JavaVirtualMachines/jdk1.8.0_31.jdk/Contents/Home/lib/javafx-mx.jar:/Library/Java/JavaVirtualMachines/jdk1.8.0_31.jdk/Contents/Home/lib/jconsole.jar:/Library/Java/JavaVirtualMachines/jdk1.8.0_31.jdk/Contents/Home/lib/sa-jdi.jar:/Library/Java/JavaVirtualMachines/jdk1.8.0_31.jdk/Contents/Home/lib/tools.jar:/Library/Java/JavaVirtualMachines/jdk1.8.0_31.jdk/Contents/Home/jre/lib/charsets.jar:/Library/Java/JavaVirtualMachines/jdk1.8.0_31.jdk/Contents/Home/jre/lib/deploy.jar:/Library/Java/JavaVirtualMachines/jdk1.8.0_31.jdk/Contents/Home/jre/lib/javaws.jar:/Library/Java/JavaVirtualMachines/jdk1.8.0_31.jdk/Contents/Home/jre/lib/jce.jar:/Library/Java/JavaVirtualMachines/jdk1.8.0_31.jdk/Contents/Home/jre/lib/jfr.jar:/Library/Java/JavaVirtualMachines/jdk1.8.0_31.jdk/Contents/Home/jre/lib/jfxswt.jar:/Library/Java/JavaVirtualMachines/jdk1.8.0_31.jdk/Contents/Home/jre/lib/jsse.jar:/Library/Java/JavaVirtualMachines/jdk1.8.0_31.jdk/Contents/Home/jre/lib/management-agent.jar:/Library/Java/JavaVirtualMachines/jdk1.8.0_31.jdk/Contents/Home/jre/lib/plugin.jar:/Library/Java/JavaVirtualMachines/jdk1.8.0_31.jdk/Contents/Home/jre/lib/resources.jar:/Library/Java/JavaVirtualMachines/jdk1.8.0_31.jdk/Contents/Home/jre/lib/rt.jar:/Library/Java/JavaVirtualMachines/jdk1.8.0_31.jdk/Contents/Home/jre/lib/ext/cldrdata.jar:/Library/Java/JavaVirtualMachines/jdk1.8.0_31.jdk/Contents/Home/jre/lib/ext/dnsns.jar:/Library/Java/JavaVirtualMachines/jdk1.8.0_31.jdk/Contents/Home/jre/lib/ext/jfxrt.jar:/Library/Java/JavaVirtualMachines/jdk1.8.0_31.jdk/Contents/Home/jre/lib/ext/localedata.jar:/Library/Java/JavaVirtualMachines/jdk1.8.0_31.jdk/Contents/Home/jre/lib/ext/nashorn.jar:/Library/Java/JavaVirtualMachines/jdk1.8.0_31.jdk/Contents/Home/jre/lib/ext/sunec.jar:/Library/Java/JavaVirtualMachines/jdk1.8.0_31.jdk/C
Launcher Type: SUN_STANDARD

Environment Variables:
JAVA_HOME=/Library/Java/JavaVirtualMachines/jdk1.8.0_31.jdk/Contents/Home
PATH=/Library/Java/JavaVirtualMachines/jdk1.8.0_31.jdk/Contents/Home/bin:/usr/local/bin:/usr/bin:/bin:/usr/sbin:/sbin:/Applications/Postgres.app/Contents/Versions/9.3/bin:/usr/local/mysql/bin/:/Users/arigolub/Programming/frameworks/apache-maven-3.2.5/bin:/Users/arigolub/Programming/frameworks/activator-1.2.10-minimal
SHELL=/bin/bash

Signal Handlers:
SIGSEGV: [libjvm.dylib+0x57a0e7], sa_mask[0]=11111111011111110111111111111111, sa_flags=SA_ONSTACK|SA_RESTART|SA_SIGINFO
SIGBUS: [libjvm.dylib+0x57a0e7], sa_mask[0]=11111111011111110111111111111111, sa_flags=SA_RESTART|SA_SIGINFO
SIGFPE: [libjvm.dylib+0x45af24], sa_mask[0]=11111111011111110111111111111111, sa_flags=SA_RESTART|SA_SIGINFO
SIGPIPE: [libjvm.dylib+0x45af24], sa_mask[0]=11111111011111110111111111111111, sa_flags=SA_RESTART|SA_SIGINFO
SIGXFSZ: [libjvm.dylib+0x45af24], sa_mask[0]=11111111011111110111111111111111, sa_flags=SA_RESTART|SA_SIGINFO
SIGILL: [libjvm.dylib+0x45af24], sa_mask[0]=11111111011111110111111111111111, sa_flags=SA_RESTART|SA_SIGINFO
SIGUSR1: SIG_DFL, sa_mask[0]=00000000000000000000000000000000, sa_flags=none
SIGUSR2: [libjvm.dylib+0x45aa42], sa_mask[0]=00100000000000000000000000000000, sa_flags=SA_RESTART|SA_SIGINFO
SIGHUP: [libjvm.dylib+0x459015], sa_mask[0]=11111111011111110111111111111111, sa_flags=SA_RESTART|SA_SIGINFO
SIGINT: [libjvm.dylib+0x459015], sa_mask[0]=11111111011111110111111111111111, sa_flags=SA_RESTART|SA_SIGINFO
SIGTERM: [libjvm.dylib+0x459015], sa_mask[0]=11111111011111110111111111111111, sa_flags=SA_RESTART|SA_SIGINFO
SIGQUIT: [libjvm.dylib+0x459015], sa_mask[0]=11111111011111110111111111111111, sa_flags=SA_RESTART|SA_SIGINFO


---------------  S Y S T E M  ---------------

OS:Bsduname:Darwin 14.1.0 Darwin Kernel Version 14.1.0: Mon Dec 22 23:10:38 PST 2014; root:xnu-2782.10.72~2/RELEASE_X86_64 x86_64
rlimit: STACK 8192k, CORE 0k, NPROC 709, NOFILE 10240, AS infinity
load average:3.08 3.10 3.08

CPU:total 4 (2 cores per cpu, 2 threads per core) family 6 model 69 stepping 1, cmov, cx8, fxsr, mmx, sse, sse2, sse3, ssse3, sse4.1, sse4.2, popcnt, avx, avx2, aes, clmul, erms, lzcnt, ht, tsc, tscinvbit, bmi1, bmi2

Memory: 4k page, physical 16777216k(3890340k free)

/proc/meminfo:


vm_info: Java HotSpot(TM) 64-Bit Server VM (25.31-b07) for bsd-amd64 JRE (1.8.0_31-b13), built on Dec 17 2014 20:45:36 by "java_re" with gcc 4.2.1 (Based on Apple Inc. build 5658) (LLVM build 2336.11.00)

time: Wed Mar  4 09:15:03 2015
elapsed time: 547 seconds (0d 0h 9m 7s)

