#
# A fatal error has been detected by the Java Runtime Environment:
#
#  SIGSEGV (0xb) at pc=0x0000000102c2317c, pid=894, tid=16643
#
# JRE version: Java(TM) SE Runtime Environment (8.0_31-b13) (build 1.8.0_31-b13)
# Java VM: Java HotSpot(TM) 64-Bit Server VM (25.31-b07 mixed mode bsd-amd64 compressed oops)
# Problematic frame:
# V  [libjvm.dylib+0x42317c]  Method::checked_resolve_jmethod_id(_jmethodID*)+0xe
#
# Failed to write core dump. Core dumps have been disabled. To enable core dumping, try "ulimit -c unlimited" before starting Java again
#
# If you would like to submit a bug report, please visit:
#   http://bugreport.java.com/bugreport/crash.jsp
#

---------------  T H R E A D  ---------------

Current thread (0x00007fcd8a05a800):  JavaThread "JDWP Transport Listener: dt_socket" daemon [_thread_in_vm, id=16643, stack(0x000000011fbe2000,0x000000011fce2000)]

siginfo: si_signo: 11 (SIGSEGV), si_code: 0 (unknown), si_addr: 0x0000000000000000

Registers:
RAX=0x0000000000000001, RBX=0x000000011fce1a8b, RCX=0x0000000102fd7c70, RDX=0x000000011fce1a8b
RSP=0x000000011fce19d0, RBP=0x000000011fce19e0, RSI=0x00007fcd8a05a800, RDI=0x0004617300000003
R8 =0x0000000000000000, R9 =0x00007fcd8b800000, R10=0x0000000000000010, R11=0x00007fcd8b800000
R12=0x00007fcd8a05a800, R13=0x0004617300000003, R14=0x0004617300000003, R15=0x00007fcd89402860
RIP=0x0000000102c2317c, EFLAGS=0x0000000000010206, ERR=0x0000000000000000
  TRAPNO=0x000000000000000d

Top of Stack: (sp=0x000000011fce19d0)
0x000000011fce19d0:   000000011fce1a8b 000000011fce1a8b
0x000000011fce19e0:   000000011fce1a40 0000000102b3519e
0x000000011fce19f0:   00007fcd8a05a800 0000000000000000
0x000000011fce1a00:   0000000000000000 0000000000000000
0x000000011fce1a10:   00007fcd8a05a800 00007fcd8a05a800
0x000000011fce1a20:   000000011fce1a8b 000000011fce1a90
0x000000011fce1a30:   0004617300000003 0000000000000007
0x000000011fce1a40:   000000011fce1a60 000000010373f7dc
0x000000011fce1a50:   0000000000000001 000000011fce1b08
0x000000011fce1a60:   000000011fce1ad0 0000000103724263
0x000000011fce1a70:   000000011fce1aa0 00007fcd894a4a90
0x000000011fce1a80:   0000000800000032 0000000800ce1b08
0x000000011fce1a90:   0000000000000000 0000000000000000
0x000000011fce1aa0:   0000000000000000 000000011fce1c90
0x000000011fce1ab0:   0000000103746eca 00007fcd894a5040
0x000000011fce1ac0:   000000011fce1b08 0000000103752588
0x000000011fce1ad0:   000000011fce1ae0 000000010372435c
0x000000011fce1ae0:   000000011fce1d00 000000010372d8f6
0x000000011fce1af0:   0001d4bf00000013 00000000000f0200
0x000000011fce1b00:   00007fcd8b844300 00007fcd89420632
0x000000011fce1b10:   00007fcd000000e6 00007fcd8b81d700
0x000000011fce1b20:   00007fcd0000012c 000000011fce1b58
0x000000011fce1b30:   00007fcd8b81d700 00007f0000000000
0x000000011fce1b40:   0001d4bf0000000f 00007fff00009f80
0x000000011fce1b50:   000000011fce1b58 cd7f000008000000
0x000000011fce1b60:   06000000200c7189 00003e74696e693c
0x000000011fce1b70:   0000005629280300 7f00000100000000
0x000000011fce1b80:   000000400c7189cd 6d6165547465671a
0x000000011fce1b90:   676e69646e617453 726f676574614373
0x000000011fce1ba0:   2827000000736569 69742f6176616a4c
0x000000011fce1bb0:   6c61636f4c2f656d 6a4c293b65746144
0x000000011fce1bc0:   6c6974752f617661 00003b7473694c2f 

Instructions: (pc=0x0000000102c2317c)
0x0000000102c2315c:   40 48 48 85 c0 75 e0 30 c0 0f b6 c0 5d c3 31 c0
0x0000000102c2316c:   5d c3 55 48 89 e5 53 48 83 ec 08 48 85 ff 74 24
0x0000000102c2317c:   48 8b 1f 48 85 db 74 1c 48 83 fb 37 74 16 48 8b
0x0000000102c2318c:   03 48 89 df ff 50 10 84 c0 b8 00 00 00 00 48 0f 

Register to memory mapping:

RAX=0x0000000000000001 is an unknown value
RBX=0x000000011fce1a8b is pointing into the stack for thread: 0x00007fcd8a05a800
RCX=0x0000000102fd7c70: UseMembar+0 in /Library/Java/JavaVirtualMachines/jdk1.8.0_31.jdk/Contents/Home/jre/lib/server/libjvm.dylib at 0x0000000102800000
RDX=0x000000011fce1a8b is pointing into the stack for thread: 0x00007fcd8a05a800
RSP=0x000000011fce19d0 is pointing into the stack for thread: 0x00007fcd8a05a800
RBP=0x000000011fce19e0 is pointing into the stack for thread: 0x00007fcd8a05a800
RSI=0x00007fcd8a05a800 is a thread
RDI=0x0004617300000003 is an unknown value
R8 =0x0000000000000000 is an unknown value
R9 =0x00007fcd8b800000 is an unknown value
R10=0x0000000000000010 is an unknown value
R11=0x00007fcd8b800000 is an unknown value
R12=0x00007fcd8a05a800 is a thread
R13=0x0004617300000003 is an unknown value
R14=0x0004617300000003 is an unknown value
R15=0x00007fcd89402860 is an unknown value


Stack: [0x000000011fbe2000,0x000000011fce2000],  sp=0x000000011fce19d0,  free space=1022k
Native frames: (J=compiled Java code, j=interpreted, Vv=VM code, C=native code)
V  [libjvm.dylib+0x42317c]  Method::checked_resolve_jmethod_id(_jmethodID*)+0xe
V  [libjvm.dylib+0x33519e]  jvmti_IsMethodSynthetic+0xb2
C  [libjdwp.dylib+0x207dc]  isMethodSynthetic+0x63
C  [libjdwp.dylib+0x5263]  methods1+0x10b
C  [libjdwp.dylib+0x535c]  methodsWithGeneric+0xe
C  [libjdwp.dylib+0xe8f6]  debugLoop_run+0x1ce
C  [libjdwp.dylib+0x1f716]  attachThread+0x4d
V  [libjvm.dylib+0x3761fe]  JvmtiAgentThread::call_start_function()+0x38
V  [libjvm.dylib+0x5360cf]  JavaThread::thread_main_inner()+0x9b
V  [libjvm.dylib+0x53780c]  JavaThread::run()+0x1c2
V  [libjvm.dylib+0x45d772]  java_start(Thread*)+0xf6
C  [libsystem_pthread.dylib+0x3268]  _pthread_body+0x83
C  [libsystem_pthread.dylib+0x31e5]  _pthread_body+0x0
C  [libsystem_pthread.dylib+0x141d]  thread_start+0xd
C  0x0000000000000000


---------------  P R O C E S S  ---------------

Java Threads: ( => current thread )
  0x00007fcd8b1a8800 JavaThread "DestroyJavaVM" [_thread_blocked, id=4867, stack(0x0000000101e81000,0x0000000101f81000)]
  0x00007fcd8a1a1800 JavaThread "pool-1-thread-1" [_thread_blocked, id=22535, stack(0x00000001210ac000,0x00000001211ac000)]
  0x00007fcd8999b800 JavaThread "MySQL Statement Cancellation Timer" daemon [_thread_blocked, id=20739, stack(0x0000000120da9000,0x0000000120ea9000)]
  0x00007fcd8b031000 JavaThread "Service Thread" daemon [_thread_blocked, id=19715, stack(0x00000001201f4000,0x00000001202f4000)]
  0x00007fcd89827000 JavaThread "C1 CompilerThread2" daemon [_thread_blocked, id=19203, stack(0x00000001200f1000,0x00000001201f1000)]
  0x00007fcd8b028000 JavaThread "C2 CompilerThread1" daemon [_thread_blocked, id=18691, stack(0x000000011ffee000,0x00000001200ee000)]
  0x00007fcd8a812800 JavaThread "C2 CompilerThread0" daemon [_thread_blocked, id=18179, stack(0x000000011feeb000,0x000000011ffeb000)]
  0x00007fcd89822000 JavaThread "JDWP Command Reader" daemon [_thread_in_native, id=17667, stack(0x000000011fde8000,0x000000011fee8000)]
  0x00007fcd89821000 JavaThread "JDWP Event Helper Thread" daemon [_thread_blocked, id=17155, stack(0x000000011fce5000,0x000000011fde5000)]
=>0x00007fcd8a05a800 JavaThread "JDWP Transport Listener: dt_socket" daemon [_thread_in_vm, id=16643, stack(0x000000011fbe2000,0x000000011fce2000)]
  0x00007fcd8a807000 JavaThread "Signal Dispatcher" daemon [_thread_blocked, id=13335, stack(0x000000011fad8000,0x000000011fbd8000)]
  0x00007fcd8981f800 JavaThread "Finalizer" daemon [_thread_blocked, id=11523, stack(0x000000011e190000,0x000000011e290000)]
  0x00007fcd8981e800 JavaThread "Reference Handler" daemon [_thread_blocked, id=11011, stack(0x000000011e08d000,0x000000011e18d000)]

Other Threads:
  0x00007fcd8981c000 VMThread [stack: 0x000000011df8a000,0x000000011e08a000] [id=10499]
  0x00007fcd8b031800 WatcherThread [stack: 0x00000001202f7000,0x00000001203f7000] [id=20227]

VM state:not at safepoint (normal execution)

VM Mutex/Monitor currently owned by a thread: None

Heap:
 PSYoungGen      total 76288K, used 4275K [0x000000076ab00000, 0x0000000774000000, 0x00000007c0000000)
  eden space 65536K, 6% used [0x000000076ab00000,0x000000076af2ce68,0x000000076eb00000)
  from space 10752K, 0% used [0x000000076f580000,0x000000076f580000,0x0000000770000000)
  to   space 10752K, 0% used [0x000000076eb00000,0x000000076eb00000,0x000000076f580000)
 ParOldGen       total 81920K, used 7116K [0x00000006c0000000, 0x00000006c5000000, 0x000000076ab00000)
  object space 81920K, 8% used [0x00000006c0000000,0x00000006c06f32d0,0x00000006c5000000)
 Metaspace       used 21269K, capacity 21462K, committed 21808K, reserved 1069056K
  class space    used 2593K, capacity 2649K, committed 2688K, reserved 1048576K

Card table byte_map: [0x0000000112b2a000,0x000000011332b000] byte_map_base: 0x000000010f52a000

Marking Bits: (ParMarkBitMap*) 0x000000010309e410
 Begin Bits: [0x0000000113c8d000, 0x0000000117c8d000)
 End Bits:   [0x0000000117c8d000, 0x000000011bc8d000)

Polling page: 0x0000000101fc5000

CodeCache: size=245760Kb used=6784Kb max_used=6795Kb free=238975Kb
 bounds [0x000000010376a000, 0x0000000103e1a000, 0x000000011276a000]
 total_blobs=2580 nmethods=2116 adapters=386
 compilation: enabled

Compilation events (10 events):
Event: 3.337 Thread 0x00007fcd89827000 nmethod 2109 0x0000000103dfaf50 code [0x0000000103dfb0e0, 0x0000000103dfb418]
Event: 3.337 Thread 0x00007fcd89827000 2116       3       java.lang.invoke.LambdaForm$Name::initIndex (26 bytes)
Event: 3.337 Thread 0x00007fcd89827000 nmethod 2116 0x0000000103dfb510 code [0x0000000103dfb680, 0x0000000103dfb870]
Event: 3.337 Thread 0x00007fcd89827000 2112       3       jdk.internal.org.objectweb.asm.ClassWriter::newClass (9 bytes)
Event: 3.337 Thread 0x00007fcd89827000 nmethod 2112 0x0000000103dfb8d0 code [0x0000000103dfba40, 0x0000000103dfbc08]
Event: 3.337 Thread 0x00007fcd89827000 2114       3       java.lang.invoke.MemberName::getInvocationType (56 bytes)
Event: 3.338 Thread 0x00007fcd89827000 nmethod 2114 0x0000000103dfbcd0 code [0x0000000103dfbec0, 0x0000000103dfcaa8]
Event: 3.338 Thread 0x00007fcd89827000 2117       3       sun.invoke.util.VerifyType::isNullConversion (158 bytes)
Event: 3.340 Thread 0x00007fcd89827000 nmethod 2117 0x0000000103dfcdd0 code [0x0000000103dfd0c0, 0x0000000103dff0f8]
Event: 3.438 Thread 0x00007fcd8b028000 nmethod 1975 0x0000000103e05510 code [0x0000000103e05de0, 0x0000000103e0a870]

GC Heap History (10 events):
Event: 1.614 GC heap before
{Heap before GC invocations=1 (full 0):
 PSYoungGen      total 76288K, used 65536K [0x000000076ab00000, 0x0000000770000000, 0x00000007c0000000)
  eden space 65536K, 100% used [0x000000076ab00000,0x000000076eb00000,0x000000076eb00000)
  from space 10752K, 0% used [0x000000076f580000,0x000000076f580000,0x0000000770000000)
  to   space 10752K, 0% used [0x000000076eb00000,0x000000076eb00000,0x000000076f580000)
 ParOldGen       total 175104K, used 0K [0x00000006c0000000, 0x00000006cab00000, 0x000000076ab00000)
  object space 175104K, 0% used [0x00000006c0000000,0x00000006c0000000,0x00000006cab00000)
 Metaspace       used 11935K, capacity 12086K, committed 12288K, reserved 1060864K
  class space    used 1448K, capacity 1489K, committed 1536K, reserved 1048576K
Event: 1.622 GC heap after
Heap after GC invocations=1 (full 0):
 PSYoungGen      total 76288K, used 6392K [0x000000076ab00000, 0x0000000770000000, 0x00000007c0000000)
  eden space 65536K, 0% used [0x000000076ab00000,0x000000076ab00000,0x000000076eb00000)
  from space 10752K, 59% used [0x000000076eb00000,0x000000076f13e068,0x000000076f580000)
  to   space 10752K, 0% used [0x000000076f580000,0x000000076f580000,0x0000000770000000)
 ParOldGen       total 175104K, used 72K [0x00000006c0000000, 0x00000006cab00000, 0x000000076ab00000)
  object space 175104K, 0% used [0x00000006c0000000,0x00000006c0012010,0x00000006cab00000)
 Metaspace       used 11935K, capacity 12086K, committed 12288K, reserved 1060864K
  class space    used 1448K, capacity 1489K, committed 1536K, reserved 1048576K
}
Event: 2.983 GC heap before
{Heap before GC invocations=2 (full 0):
 PSYoungGen      total 76288K, used 71928K [0x000000076ab00000, 0x0000000770000000, 0x00000007c0000000)
  eden space 65536K, 100% used [0x000000076ab00000,0x000000076eb00000,0x000000076eb00000)
  from space 10752K, 59% used [0x000000076eb00000,0x000000076f13e068,0x000000076f580000)
  to   space 10752K, 0% used [0x000000076f580000,0x000000076f580000,0x0000000770000000)
 ParOldGen       total 175104K, used 72K [0x00000006c0000000, 0x00000006cab00000, 0x000000076ab00000)
  object space 175104K, 0% used [0x00000006c0000000,0x00000006c0012010,0x00000006cab00000)
 Metaspace       used 18405K, capacity 18622K, committed 18816K, reserved 1064960K
  class space    used 2264K, capacity 2323K, committed 2432K, reserved 1048576K
Event: 2.993 GC heap after
Heap after GC invocations=2 (full 0):
 PSYoungGen      total 76288K, used 8533K [0x000000076ab00000, 0x0000000770000000, 0x00000007c0000000)
  eden space 65536K, 0% used [0x000000076ab00000,0x000000076ab00000,0x000000076eb00000)
  from space 10752K, 79% used [0x000000076f580000,0x000000076fdd56f8,0x0000000770000000)
  to   space 10752K, 0% used [0x000000076eb00000,0x000000076eb00000,0x000000076f580000)
 ParOldGen       total 175104K, used 88K [0x00000006c0000000, 0x00000006cab00000, 0x000000076ab00000)
  object space 175104K, 0% used [0x00000006c0000000,0x00000006c0016010,0x00000006cab00000)
 Metaspace       used 18405K, capacity 18622K, committed 18816K, reserved 1064960K
  class space    used 2264K, capacity 2323K, committed 2432K, reserved 1048576K
}
Event: 19.712 GC heap before
{Heap before GC invocations=3 (full 0):
 PSYoungGen      total 76288K, used 74069K [0x000000076ab00000, 0x0000000770000000, 0x00000007c0000000)
  eden space 65536K, 100% used [0x000000076ab00000,0x000000076eb00000,0x000000076eb00000)
  from space 10752K, 79% used [0x000000076f580000,0x000000076fdd56f8,0x0000000770000000)
  to   space 10752K, 0% used [0x000000076eb00000,0x000000076eb00000,0x000000076f580000)
 ParOldGen       total 175104K, used 88K [0x00000006c0000000, 0x00000006cab00000, 0x000000076ab00000)
  object space 175104K, 0% used [0x00000006c0000000,0x00000006c0016010,0x00000006cab00000)
 Metaspace       used 20387K, capacity 20530K, committed 20736K, reserved 1067008K
  class space    used 2494K, capacity 2553K, committed 2560K, reserved 1048576K
Event: 19.721 GC heap after
Heap after GC invocations=3 (full 0):
 PSYoungGen      total 76288K, used 8195K [0x000000076ab00000, 0x0000000770000000, 0x00000007c0000000)
  eden space 65536K, 0% used [0x000000076ab00000,0x000000076ab00000,0x000000076eb00000)
  from space 10752K, 76% used [0x000000076eb00000,0x000000076f300d70,0x000000076f580000)
  to   space 10752K, 0% used [0x000000076f580000,0x000000076f580000,0x0000000770000000)
 ParOldGen       total 175104K, used 96K [0x00000006c0000000, 0x00000006cab00000, 0x000000076ab00000)
  object space 175104K, 0% used [0x00000006c0000000,0x00000006c0018010,0x00000006cab00000)
 Metaspace       used 20387K, capacity 20530K, committed 20736K, reserved 1067008K
  class space    used 2494K, capacity 2553K, committed 2560K, reserved 1048576K
}
Event: 19.905 GC heap before
{Heap before GC invocations=4 (full 0):
 PSYoungGen      total 76288K, used 12005K [0x000000076ab00000, 0x0000000770000000, 0x00000007c0000000)
  eden space 65536K, 5% used [0x000000076ab00000,0x000000076aeb8890,0x000000076eb00000)
  from space 10752K, 76% used [0x000000076eb00000,0x000000076f300d70,0x000000076f580000)
  to   space 10752K, 0% used [0x000000076f580000,0x000000076f580000,0x0000000770000000)
 ParOldGen       total 175104K, used 96K [0x00000006c0000000, 0x00000006cab00000, 0x000000076ab00000)
  object space 175104K, 0% used [0x00000006c0000000,0x00000006c0018010,0x00000006cab00000)
 Metaspace       used 20978K, capacity 21112K, committed 21296K, reserved 1069056K
  class space    used 2556K, capacity 2618K, committed 2688K, reserved 1048576K
Event: 19.915 GC heap after
Heap after GC invocations=4 (full 0):
 PSYoungGen      total 76288K, used 7185K [0x000000076ab00000, 0x0000000774000000, 0x00000007c0000000)
  eden space 65536K, 0% used [0x000000076ab00000,0x000000076ab00000,0x000000076eb00000)
  from space 10752K, 66% used [0x000000076f580000,0x000000076fc84650,0x0000000770000000)
  to   space 10752K, 0% used [0x000000076eb00000,0x000000076eb00000,0x000000076f580000)
 ParOldGen       total 175104K, used 96K [0x00000006c0000000, 0x00000006cab00000, 0x000000076ab00000)
  object space 175104K, 0% used [0x00000006c0000000,0x00000006c0018010,0x00000006cab00000)
 Metaspace       used 20978K, capacity 21112K, committed 21296K, reserved 1069056K
  class space    used 2556K, capacity 2618K, committed 2688K, reserved 1048576K
}
Event: 19.915 GC heap before
{Heap before GC invocations=5 (full 1):
 PSYoungGen      total 76288K, used 7185K [0x000000076ab00000, 0x0000000774000000, 0x00000007c0000000)
  eden space 65536K, 0% used [0x000000076ab00000,0x000000076ab00000,0x000000076eb00000)
  from space 10752K, 66% used [0x000000076f580000,0x000000076fc84650,0x0000000770000000)
  to   space 10752K, 0% used [0x000000076eb00000,0x000000076eb00000,0x000000076f580000)
 ParOldGen       total 175104K, used 96K [0x00000006c0000000, 0x00000006cab00000, 0x000000076ab00000)
  object space 175104K, 0% used [0x00000006c0000000,0x00000006c0018010,0x00000006cab00000)
 Metaspace       used 20978K, capacity 21112K, committed 21296K, reserved 1069056K
  class space    used 2556K, capacity 2618K, committed 2688K, reserved 1048576K
Event: 19.961 GC heap after
Heap after GC invocations=5 (full 1):
 PSYoungGen      total 76288K, used 0K [0x000000076ab00000, 0x0000000774000000, 0x00000007c0000000)
  eden space 65536K, 0% used [0x000000076ab00000,0x000000076ab00000,0x000000076eb00000)
  from space 10752K, 0% used [0x000000076f580000,0x000000076f580000,0x0000000770000000)
  to   space 10752K, 0% used [0x000000076eb00000,0x000000076eb00000,0x000000076f580000)
 ParOldGen       total 81920K, used 7116K [0x00000006c0000000, 0x00000006c5000000, 0x000000076ab00000)
  object space 81920K, 8% used [0x00000006c0000000,0x00000006c06f32d0,0x00000006c5000000)
 Metaspace       used 20977K, capacity 21110K, committed 21296K, reserved 1069056K
  class space    used 2555K, capacity 2617K, committed 2688K, reserved 1048576K
}

Deoptimization events (10 events):
Event: 3.067 Thread 0x00007fcd8980f800 Uncommon trap: reason=bimorphic action=maybe_recompile pc=0x0000000103d070d0 method=java.lang.ThreadLocal.get()Ljava/lang/Object; @ 6
Event: 3.067 Thread 0x00007fcd8980f800 Uncommon trap: reason=bimorphic action=maybe_recompile pc=0x0000000103d070d0 method=java.lang.ThreadLocal.get()Ljava/lang/Object; @ 6
Event: 3.067 Thread 0x00007fcd8980f800 Uncommon trap: reason=bimorphic action=maybe_recompile pc=0x0000000103d070d0 method=java.lang.ThreadLocal.get()Ljava/lang/Object; @ 6
Event: 3.285 Thread 0x00007fcd8980f800 Uncommon trap: reason=class_check action=maybe_recompile pc=0x0000000103b6fb94 method=java.util.regex.Matcher.search(I)Z @ 86
Event: 3.285 Thread 0x00007fcd8980f800 Uncommon trap: reason=class_check action=maybe_recompile pc=0x0000000103d145e0 method=java.lang.AbstractStringBuilder.append(Ljava/lang/CharSequence;)Ljava/lang/AbstractStringBuilder; @ 37
Event: 3.285 Thread 0x00007fcd8980f800 Uncommon trap: reason=class_check action=maybe_recompile pc=0x0000000103b6fb94 method=java.util.regex.Matcher.search(I)Z @ 86
Event: 3.288 Thread 0x00007fcd8980f800 Uncommon trap: reason=class_check action=maybe_recompile pc=0x0000000103b6fb94 method=java.util.regex.Matcher.search(I)Z @ 86
Event: 3.288 Thread 0x00007fcd8980f800 Uncommon trap: reason=class_check action=maybe_recompile pc=0x0000000103d145e0 method=java.lang.AbstractStringBuilder.append(Ljava/lang/CharSequence;)Ljava/lang/AbstractStringBuilder; @ 37
Event: 3.288 Thread 0x00007fcd8980f800 Uncommon trap: reason=class_check action=maybe_recompile pc=0x0000000103b6fb94 method=java.util.regex.Matcher.search(I)Z @ 86
Event: 3.296 Thread 0x00007fcd8980f800 Uncommon trap: reason=class_check action=maybe_recompile pc=0x0000000103d145e0 method=java.lang.AbstractStringBuilder.append(Ljava/lang/CharSequence;)Ljava/lang/AbstractStringBuilder; @ 37

Internal exceptions (10 events):
Event: 20.704 Thread 0x00007fcd8980f800 Exception <a 'java/security/PrivilegedActionException'> (0x000000076acaf9b8) thrown at [/Users/java_re/workspace/8-2-build-macosx-x86_64/jdk8u31/2394/hotspot/src/share/vm/prims/jvm.cpp, line 1312]
Event: 20.706 Thread 0x00007fcd8980f800 Exception <a 'java/security/PrivilegedActionException'> (0x000000076acb7f38) thrown at [/Users/java_re/workspace/8-2-build-macosx-x86_64/jdk8u31/2394/hotspot/src/share/vm/prims/jvm.cpp, line 1312]
Event: 20.707 Thread 0x00007fcd8980f800 Exception <a 'java/security/PrivilegedActionException'> (0x000000076acb9cf0) thrown at [/Users/java_re/workspace/8-2-build-macosx-x86_64/jdk8u31/2394/hotspot/src/share/vm/prims/jvm.cpp, line 1312]
Event: 20.708 Thread 0x00007fcd8980f800 Exception <a 'java/security/PrivilegedActionException'> (0x000000076acc1e68) thrown at [/Users/java_re/workspace/8-2-build-macosx-x86_64/jdk8u31/2394/hotspot/src/share/vm/prims/jvm.cpp, line 1312]
Event: 20.711 Thread 0x00007fcd8980f800 Exception <a 'java/security/PrivilegedActionException'> (0x000000076acc7e70) thrown at [/Users/java_re/workspace/8-2-build-macosx-x86_64/jdk8u31/2394/hotspot/src/share/vm/prims/jvm.cpp, line 1312]
Event: 20.714 Thread 0x00007fcd8980f800 Exception <a 'java/security/PrivilegedActionException'> (0x000000076acd4890) thrown at [/Users/java_re/workspace/8-2-build-macosx-x86_64/jdk8u31/2394/hotspot/src/share/vm/prims/jvm.cpp, line 1312]
Event: 43.688 Thread 0x00007fcd8980f800 Exception <a 'java/security/PrivilegedActionException'> (0x000000076acfb090) thrown at [/Users/java_re/workspace/8-2-build-macosx-x86_64/jdk8u31/2394/hotspot/src/share/vm/prims/jvm.cpp, line 1312]
Event: 43.689 Thread 0x00007fcd8980f800 Exception <a 'java/security/PrivilegedActionException'> (0x000000076ad052d0) thrown at [/Users/java_re/workspace/8-2-build-macosx-x86_64/jdk8u31/2394/hotspot/src/share/vm/prims/jvm.cpp, line 1312]
Event: 43.689 Thread 0x00007fcd8980f800 Exception <a 'java/security/PrivilegedActionException'> (0x000000076ad11ae8) thrown at [/Users/java_re/workspace/8-2-build-macosx-x86_64/jdk8u31/2394/hotspot/src/share/vm/prims/jvm.cpp, line 1312]
Event: 43.690 Thread 0x00007fcd8980f800 Exception <a 'java/security/PrivilegedActionException'> (0x000000076ad1e918) thrown at [/Users/java_re/workspace/8-2-build-macosx-x86_64/jdk8u31/2394/hotspot/src/share/vm/prims/jvm.cpp, line 1312]

Events (10 events):
Event: 222.921 Executing VM operation: ChangeBreakpoints
Event: 222.922 Executing VM operation: ChangeBreakpoints done
Event: 251.244 Executing VM operation: ChangeBreakpoints
Event: 251.244 Executing VM operation: ChangeBreakpoints done
Event: 251.245 Executing VM operation: ChangeBreakpoints
Event: 251.245 Executing VM operation: ChangeBreakpoints done
Event: 251.245 Executing VM operation: ChangeBreakpoints
Event: 251.245 Executing VM operation: ChangeBreakpoints done
Event: 251.252 Executing VM operation: RedefineClasses
Event: 251.269 Executing VM operation: RedefineClasses done


Dynamic libraries:
0x0000000003d04000 	/System/Library/Frameworks/Cocoa.framework/Versions/A/Cocoa
0x0000000003d04000 	/System/Library/Frameworks/Security.framework/Versions/A/Security
0x0000000003d04000 	/System/Library/Frameworks/ApplicationServices.framework/Versions/A/ApplicationServices
0x0000000003d04000 	/usr/lib/libz.1.dylib
0x0000000003d04000 	/usr/lib/libSystem.B.dylib
0x0000000003d04000 	/usr/lib/libobjc.A.dylib
0x0000000003d04000 	/System/Library/Frameworks/CoreFoundation.framework/Versions/A/CoreFoundation
0x0000000003d04000 	/System/Library/Frameworks/Foundation.framework/Versions/C/Foundation
0x0000000003d04000 	/System/Library/Frameworks/AppKit.framework/Versions/C/AppKit
0x0000000003d04000 	/System/Library/Frameworks/CoreData.framework/Versions/A/CoreData
0x0000000003d04000 	/System/Library/PrivateFrameworks/RemoteViewServices.framework/Versions/A/RemoteViewServices
0x0000000003d04000 	/System/Library/PrivateFrameworks/UIFoundation.framework/Versions/A/UIFoundation
0x0000000003d04000 	/System/Library/Frameworks/IOSurface.framework/Versions/A/IOSurface
0x0000000003d04000 	/System/Library/Frameworks/AudioToolbox.framework/Versions/A/AudioToolbox
0x0000000003d04000 	/System/Library/Frameworks/AudioUnit.framework/Versions/A/AudioUnit
0x0000000003d04000 	/System/Library/PrivateFrameworks/DataDetectorsCore.framework/Versions/A/DataDetectorsCore
0x0000000003d04000 	/System/Library/PrivateFrameworks/DesktopServicesPriv.framework/Versions/A/DesktopServicesPriv
0x0000000003d04000 	/System/Library/Frameworks/Carbon.framework/Versions/A/Frameworks/HIToolbox.framework/Versions/A/HIToolbox
0x0000000003d04000 	/System/Library/Frameworks/QuartzCore.framework/Versions/A/QuartzCore
0x0000000003d04000 	/System/Library/Frameworks/Carbon.framework/Versions/A/Frameworks/SpeechRecognition.framework/Versions/A/SpeechRecognition
0x0000000003d04000 	/usr/lib/libauto.dylib
0x0000000003d04000 	/usr/lib/libicucore.A.dylib
0x0000000003d04000 	/usr/lib/libxml2.2.dylib
0x0000000003d04000 	/System/Library/PrivateFrameworks/CoreUI.framework/Versions/A/CoreUI
0x0000000003d04000 	/System/Library/Frameworks/CoreAudio.framework/Versions/A/CoreAudio
0x0000000003d04000 	/System/Library/Frameworks/DiskArbitration.framework/Versions/A/DiskArbitration
0x0000000003d04000 	/usr/lib/liblangid.dylib
0x0000000003d04000 	/System/Library/PrivateFrameworks/MultitouchSupport.framework/Versions/A/MultitouchSupport
0x0000000003d04000 	/System/Library/Frameworks/IOKit.framework/Versions/A/IOKit
0x0000000003d04000 	/usr/lib/libDiagnosticMessagesClient.dylib
0x0000000003d04000 	/System/Library/Frameworks/CoreServices.framework/Versions/A/CoreServices
0x0000000003d04000 	/System/Library/PrivateFrameworks/PerformanceAnalysis.framework/Versions/A/PerformanceAnalysis
0x0000000003d04000 	/System/Library/PrivateFrameworks/GenerationalStorage.framework/Versions/A/GenerationalStorage
0x0000000003d04000 	/System/Library/Frameworks/OpenGL.framework/Versions/A/OpenGL
0x0000000003d04000 	/System/Library/PrivateFrameworks/Sharing.framework/Versions/A/Sharing
0x0000000003d04000 	/System/Library/Frameworks/CoreGraphics.framework/Versions/A/CoreGraphics
0x0000000003d04000 	/System/Library/Frameworks/CoreText.framework/Versions/A/CoreText
0x0000000003d04000 	/System/Library/Frameworks/ImageIO.framework/Versions/A/ImageIO
0x0000000003d04000 	/usr/lib/libextension.dylib
0x0000000003d04000 	/System/Library/PrivateFrameworks/Backup.framework/Versions/A/Backup
0x0000000003d04000 	/usr/lib/libarchive.2.dylib
0x0000000003d04000 	/System/Library/Frameworks/CFNetwork.framework/Versions/A/CFNetwork
0x0000000003d04000 	/System/Library/Frameworks/SystemConfiguration.framework/Versions/A/SystemConfiguration
0x0000000003d04000 	/usr/lib/libCRFSuite.dylib
0x0000000003d04000 	/usr/lib/libc++.1.dylib
0x0000000003d04000 	/usr/lib/libc++abi.dylib
0x0000000003d04000 	/usr/lib/system/libcache.dylib
0x0000000003d04000 	/usr/lib/system/libcommonCrypto.dylib
0x0000000003d04000 	/usr/lib/system/libcompiler_rt.dylib
0x0000000003d04000 	/usr/lib/system/libcopyfile.dylib
0x0000000003d04000 	/usr/lib/system/libcorecrypto.dylib
0x0000000003d04000 	/usr/lib/system/libdispatch.dylib
0x0000000003d04000 	/usr/lib/system/libdyld.dylib
0x0000000003d04000 	/usr/lib/system/libkeymgr.dylib
0x0000000003d04000 	/usr/lib/system/liblaunch.dylib
0x0000000003d04000 	/usr/lib/system/libmacho.dylib
0x0000000003d04000 	/usr/lib/system/libquarantine.dylib
0x0000000003d04000 	/usr/lib/system/libremovefile.dylib
0x0000000003d04000 	/usr/lib/system/libsystem_asl.dylib
0x0000000003d04000 	/usr/lib/system/libsystem_blocks.dylib
0x0000000003d04000 	/usr/lib/system/libsystem_c.dylib
0x0000000003d04000 	/usr/lib/system/libsystem_configuration.dylib
0x0000000003d04000 	/usr/lib/system/libsystem_coreservices.dylib
0x0000000003d04000 	/usr/lib/system/libsystem_coretls.dylib
0x0000000003d04000 	/usr/lib/system/libsystem_dnssd.dylib
0x0000000003d04000 	/usr/lib/system/libsystem_info.dylib
0x0000000003d04000 	/usr/lib/system/libsystem_kernel.dylib
0x0000000003d04000 	/usr/lib/system/libsystem_m.dylib
0x0000000003d04000 	/usr/lib/system/libsystem_malloc.dylib
0x0000000003d04000 	/usr/lib/system/libsystem_network.dylib
0x0000000003d04000 	/usr/lib/system/libsystem_networkextension.dylib
0x0000000003d04000 	/usr/lib/system/libsystem_notify.dylib
0x0000000003d04000 	/usr/lib/system/libsystem_platform.dylib
0x0000000003d04000 	/usr/lib/system/libsystem_pthread.dylib
0x0000000003d04000 	/usr/lib/system/libsystem_sandbox.dylib
0x0000000003d04000 	/usr/lib/system/libsystem_secinit.dylib
0x0000000003d04000 	/usr/lib/system/libsystem_stats.dylib
0x0000000003d04000 	/usr/lib/system/libsystem_trace.dylib
0x0000000003d04000 	/usr/lib/system/libunc.dylib
0x0000000003d04000 	/usr/lib/system/libunwind.dylib
0x0000000003d04000 	/usr/lib/system/libxpc.dylib
0x0000000003d04000 	/usr/lib/libbz2.1.0.dylib
0x0000000003d04000 	/usr/lib/liblzma.5.dylib
0x0000000003d04000 	/usr/lib/libbsm.0.dylib
0x0000000003d04000 	/usr/lib/libsqlite3.dylib
0x0000000003d04000 	/usr/lib/system/libkxld.dylib
0x0000000003d04000 	/usr/lib/libxar.1.dylib
0x0000000003d04000 	/usr/lib/libpam.2.dylib
0x0000000003d04000 	/usr/lib/libOpenScriptingUtil.dylib
0x0000000003d04000 	/System/Library/Frameworks/CoreServices.framework/Versions/A/Frameworks/FSEvents.framework/Versions/A/FSEvents
0x0000000003d04000 	/System/Library/Frameworks/CoreServices.framework/Versions/A/Frameworks/CarbonCore.framework/Versions/A/CarbonCore
0x0000000003d04000 	/System/Library/Frameworks/CoreServices.framework/Versions/A/Frameworks/Metadata.framework/Versions/A/Metadata
0x0000000003d04000 	/System/Library/Frameworks/CoreServices.framework/Versions/A/Frameworks/OSServices.framework/Versions/A/OSServices
0x0000000003d04000 	/System/Library/Frameworks/CoreServices.framework/Versions/A/Frameworks/SearchKit.framework/Versions/A/SearchKit
0x0000000003d04000 	/System/Library/Frameworks/CoreServices.framework/Versions/A/Frameworks/AE.framework/Versions/A/AE
0x0000000003d04000 	/System/Library/Frameworks/CoreServices.framework/Versions/A/Frameworks/LaunchServices.framework/Versions/A/LaunchServices
0x0000000003d04000 	/System/Library/Frameworks/CoreServices.framework/Versions/A/Frameworks/DictionaryServices.framework/Versions/A/DictionaryServices
0x0000000003d04000 	/System/Library/Frameworks/NetFS.framework/Versions/A/NetFS
0x0000000003d04000 	/System/Library/PrivateFrameworks/NetAuth.framework/Versions/A/NetAuth
0x0000000003d04000 	/System/Library/PrivateFrameworks/login.framework/Versions/A/Frameworks/loginsupport.framework/Versions/A/loginsupport
0x0000000003d04000 	/System/Library/PrivateFrameworks/TCC.framework/Versions/A/TCC
0x0000000003d04000 	/usr/lib/libmecabra.dylib
0x0000000003d04000 	/System/Library/Frameworks/ApplicationServices.framework/Versions/A/Frameworks/ATS.framework/Versions/A/ATS
0x0000000003d04000 	/System/Library/Frameworks/ApplicationServices.framework/Versions/A/Frameworks/ColorSync.framework/Versions/A/ColorSync
0x0000000003d04000 	/System/Library/Frameworks/ApplicationServices.framework/Versions/A/Frameworks/HIServices.framework/Versions/A/HIServices
0x0000000003d04000 	/System/Library/Frameworks/ApplicationServices.framework/Versions/A/Frameworks/LangAnalysis.framework/Versions/A/LangAnalysis
0x0000000003d04000 	/System/Library/Frameworks/ApplicationServices.framework/Versions/A/Frameworks/PrintCore.framework/Versions/A/PrintCore
0x0000000003d04000 	/System/Library/Frameworks/ApplicationServices.framework/Versions/A/Frameworks/QD.framework/Versions/A/QD
0x0000000003d04000 	/System/Library/Frameworks/ApplicationServices.framework/Versions/A/Frameworks/SpeechSynthesis.framework/Versions/A/SpeechSynthesis
0x0000000003d04000 	/System/Library/Frameworks/Accelerate.framework/Versions/A/Accelerate
0x0000000003d04000 	/System/Library/Frameworks/Accelerate.framework/Versions/A/Frameworks/vImage.framework/Versions/A/vImage
0x0000000003d04000 	/System/Library/Frameworks/Accelerate.framework/Versions/A/Frameworks/vecLib.framework/Versions/A/vecLib
0x0000000003d04000 	/System/Library/Frameworks/Accelerate.framework/Versions/A/Frameworks/vecLib.framework/Versions/A/libvDSP.dylib
0x0000000003d04000 	/System/Library/Frameworks/Accelerate.framework/Versions/A/Frameworks/vecLib.framework/Versions/A/libvMisc.dylib
0x0000000003d04000 	/System/Library/Frameworks/Accelerate.framework/Versions/A/Frameworks/vecLib.framework/Versions/A/libLAPACK.dylib
0x0000000003d04000 	/System/Library/Frameworks/Accelerate.framework/Versions/A/Frameworks/vecLib.framework/Versions/A/libBLAS.dylib
0x0000000003d04000 	/System/Library/Frameworks/Accelerate.framework/Versions/A/Frameworks/vecLib.framework/Versions/A/libLinearAlgebra.dylib
0x0000000003d04000 	/System/Library/Frameworks/ApplicationServices.framework/Versions/A/Frameworks/ATS.framework/Versions/A/Resources/libFontParser.dylib
0x0000000003d04000 	/System/Library/Frameworks/ApplicationServices.framework/Versions/A/Frameworks/ATS.framework/Versions/A/Resources/libFontRegistry.dylib
0x0000000003d04000 	/System/Library/PrivateFrameworks/AppleVPA.framework/Versions/A/AppleVPA
0x0000000003d04000 	/System/Library/PrivateFrameworks/AppleJPEG.framework/Versions/A/AppleJPEG
0x0000000003d04000 	/System/Library/Frameworks/ImageIO.framework/Versions/A/Resources/libJPEG.dylib
0x0000000003d04000 	/System/Library/Frameworks/ImageIO.framework/Versions/A/Resources/libTIFF.dylib
0x0000000003d04000 	/System/Library/Frameworks/ImageIO.framework/Versions/A/Resources/libPng.dylib
0x0000000003d04000 	/System/Library/Frameworks/ImageIO.framework/Versions/A/Resources/libGIF.dylib
0x0000000003d04000 	/System/Library/Frameworks/ImageIO.framework/Versions/A/Resources/libJP2.dylib
0x0000000003d04000 	/System/Library/Frameworks/ImageIO.framework/Versions/A/Resources/libRadiance.dylib
0x0000000003d04000 	/System/Library/Frameworks/CoreVideo.framework/Versions/A/CoreVideo
0x0000000003d04000 	/System/Library/Frameworks/OpenGL.framework/Versions/A/Libraries/libGLU.dylib
0x0000000003d04000 	/System/Library/Frameworks/OpenGL.framework/Versions/A/Libraries/libGFXShared.dylib
0x0000000003d04000 	/System/Library/Frameworks/OpenGL.framework/Versions/A/Libraries/libGL.dylib
0x0000000003d04000 	/System/Library/Frameworks/OpenGL.framework/Versions/A/Libraries/libGLImage.dylib
0x0000000003d04000 	/System/Library/Frameworks/OpenGL.framework/Versions/A/Libraries/libCVMSPluginSupport.dylib
0x0000000003d04000 	/System/Library/Frameworks/OpenGL.framework/Versions/A/Libraries/libCoreVMClient.dylib
0x0000000003d04000 	/usr/lib/libcups.2.dylib
0x0000000003d04000 	/System/Library/Frameworks/Kerberos.framework/Versions/A/Kerberos
0x0000000003d04000 	/System/Library/Frameworks/GSS.framework/Versions/A/GSS
0x0000000003d04000 	/usr/lib/libresolv.9.dylib
0x0000000003d04000 	/usr/lib/libiconv.2.dylib
0x0000000003d04000 	/System/Library/PrivateFrameworks/Heimdal.framework/Versions/A/Heimdal
0x0000000003d04000 	/usr/lib/libheimdal-asn1.dylib
0x0000000003d04000 	/System/Library/Frameworks/OpenDirectory.framework/Versions/A/OpenDirectory
0x0000000003d04000 	/System/Library/PrivateFrameworks/CommonAuth.framework/Versions/A/CommonAuth
0x0000000003d04000 	/System/Library/Frameworks/OpenDirectory.framework/Versions/A/Frameworks/CFOpenDirectory.framework/Versions/A/CFOpenDirectory
0x0000000003d04000 	/System/Library/Frameworks/SecurityFoundation.framework/Versions/A/SecurityFoundation
0x0000000003d04000 	/System/Library/PrivateFrameworks/LanguageModeling.framework/Versions/A/LanguageModeling
0x0000000003d04000 	/usr/lib/libcmph.dylib
0x0000000003d04000 	/System/Library/Frameworks/ServiceManagement.framework/Versions/A/ServiceManagement
0x0000000003d04000 	/usr/lib/libxslt.1.dylib
0x0000000003d04000 	/System/Library/Frameworks/Carbon.framework/Versions/A/Frameworks/Ink.framework/Versions/A/Ink
0x0000000003d04000 	/System/Library/Frameworks/QuartzCore.framework/Versions/A/Frameworks/CoreImage.framework/Versions/A/CoreImage
0x0000000003d04000 	/System/Library/PrivateFrameworks/CrashReporterSupport.framework/Versions/A/CrashReporterSupport
0x0000000003d04000 	/System/Library/Frameworks/OpenCL.framework/Versions/A/OpenCL
0x0000000003d04000 	/System/Library/PrivateFrameworks/FaceCore.framework/Versions/A/FaceCore
0x0000000003d04000 	/System/Library/PrivateFrameworks/Ubiquity.framework/Versions/A/Ubiquity
0x0000000003d04000 	/System/Library/PrivateFrameworks/IconServices.framework/Versions/A/IconServices
0x0000000003d04000 	/System/Library/PrivateFrameworks/ChunkingLibrary.framework/Versions/A/ChunkingLibrary
0x0000000003d04000 	/System/Library/PrivateFrameworks/Apple80211.framework/Versions/A/Apple80211
0x0000000003d04000 	/System/Library/Frameworks/CoreWLAN.framework/Versions/A/CoreWLAN
0x0000000003d04000 	/System/Library/Frameworks/IOBluetooth.framework/Versions/A/IOBluetooth
0x0000000003d04000 	/System/Library/PrivateFrameworks/CoreWiFi.framework/Versions/A/CoreWiFi
0x0000000003d04000 	/System/Library/Frameworks/CoreBluetooth.framework/Versions/A/CoreBluetooth
0x0000000003d04000 	/System/Library/PrivateFrameworks/DebugSymbols.framework/Versions/A/DebugSymbols
0x0000000003d04000 	/System/Library/PrivateFrameworks/CoreSymbolication.framework/Versions/A/CoreSymbolication
0x0000000003d04000 	/System/Library/PrivateFrameworks/Symbolication.framework/Versions/A/Symbolication
0x0000000003d04000 	/System/Library/PrivateFrameworks/SpeechRecognitionCore.framework/Versions/A/SpeechRecognitionCore
0x0000000102800000 	/Library/Java/JavaVirtualMachines/jdk1.8.0_31.jdk/Contents/Home/jre/lib/server/libjvm.dylib
0x0000000003d04000 	/usr/lib/libstdc++.6.dylib
0x0000000101f83000 	/Library/Java/JavaVirtualMachines/jdk1.8.0_31.jdk/Contents/Home/jre/lib/libverify.dylib
0x0000000101f91000 	/Library/Java/JavaVirtualMachines/jdk1.8.0_31.jdk/Contents/Home/jre/lib/libjava.dylib
0x000000010371f000 	/Library/Java/JavaVirtualMachines/jdk1.8.0_31.jdk/Contents/Home/jre/lib/libjdwp.dylib
0x0000000101fc6000 	/Library/Java/JavaVirtualMachines/jdk1.8.0_31.jdk/Contents/Home/jre/lib/libnpt.dylib
0x0000000101fd3000 	/Library/Java/JavaVirtualMachines/jdk1.8.0_31.jdk/Contents/Home/jre/lib/libzip.dylib
0x000000011e292000 	/System/Library/Frameworks/JavaVM.framework/Frameworks/JavaRuntimeSupport.framework/JavaRuntimeSupport
0x000000011e2aa000 	/System/Library/Frameworks/JavaVM.framework/Versions/A/Frameworks/JavaNativeFoundation.framework/Versions/A/JavaNativeFoundation
0x000000011e2bf000 	/System/Library/Frameworks/JavaVM.framework/Versions/A/JavaVM
0x0000000003d04000 	/System/Library/Frameworks/Carbon.framework/Versions/A/Carbon
0x000000011e2cc000 	/System/Library/PrivateFrameworks/JavaLaunching.framework/Versions/A/JavaLaunching
0x0000000003d04000 	/System/Library/Frameworks/Carbon.framework/Versions/A/Frameworks/CommonPanels.framework/Versions/A/CommonPanels
0x0000000003d04000 	/System/Library/Frameworks/Carbon.framework/Versions/A/Frameworks/Help.framework/Versions/A/Help
0x0000000003d04000 	/System/Library/Frameworks/Carbon.framework/Versions/A/Frameworks/ImageCapture.framework/Versions/A/ImageCapture
0x0000000003d04000 	/System/Library/Frameworks/Carbon.framework/Versions/A/Frameworks/OpenScripting.framework/Versions/A/OpenScripting
0x0000000003d04000 	/System/Library/Frameworks/Carbon.framework/Versions/A/Frameworks/Print.framework/Versions/A/Print
0x0000000003d04000 	/System/Library/Frameworks/Carbon.framework/Versions/A/Frameworks/SecurityHI.framework/Versions/A/SecurityHI
0x000000011fbda000 	/Library/Java/JavaVirtualMachines/jdk1.8.0_31.jdk/Contents/Home/jre/lib/libdt_socket.dylib
0x0000000120752000 	/Library/Java/JavaVirtualMachines/jdk1.8.0_31.jdk/Contents/Home/jre/lib/libnet.dylib

VM Arguments:
jvm_args: -agentlib:jdwp=transport=dt_socket,address=127.0.0.1:50240,suspend=y,server=n -Denv=dev -Dlog4j.configuration=log4j_properties_dev.properties -Dfile.encoding=UTF-8 
java_command: com.homer.fantasy.dao.impl.HibernateStandingsDAO
java_class_path (initial): /Library/Java/JavaVirtualMachines/jdk1.8.0_31.jdk/Contents/Home/lib/ant-javafx.jar:/Library/Java/JavaVirtualMachines/jdk1.8.0_31.jdk/Contents/Home/lib/dt.jar:/Library/Java/JavaVirtualMachines/jdk1.8.0_31.jdk/Contents/Home/lib/javafx-mx.jar:/Library/Java/JavaVirtualMachines/jdk1.8.0_31.jdk/Contents/Home/lib/jconsole.jar:/Library/Java/JavaVirtualMachines/jdk1.8.0_31.jdk/Contents/Home/lib/sa-jdi.jar:/Library/Java/JavaVirtualMachines/jdk1.8.0_31.jdk/Contents/Home/lib/tools.jar:/Library/Java/JavaVirtualMachines/jdk1.8.0_31.jdk/Contents/Home/jre/lib/charsets.jar:/Library/Java/JavaVirtualMachines/jdk1.8.0_31.jdk/Contents/Home/jre/lib/deploy.jar:/Library/Java/JavaVirtualMachines/jdk1.8.0_31.jdk/Contents/Home/jre/lib/javaws.jar:/Library/Java/JavaVirtualMachines/jdk1.8.0_31.jdk/Contents/Home/jre/lib/jce.jar:/Library/Java/JavaVirtualMachines/jdk1.8.0_31.jdk/Contents/Home/jre/lib/jfr.jar:/Library/Java/JavaVirtualMachines/jdk1.8.0_31.jdk/Contents/Home/jre/lib/jfxswt.jar:/Library/Java/JavaVirtualMachines/jdk1.8.0_31.jdk/Contents/Home/jre/lib/jsse.jar:/Library/Java/JavaVirtualMachines/jdk1.8.0_31.jdk/Contents/Home/jre/lib/management-agent.jar:/Library/Java/JavaVirtualMachines/jdk1.8.0_31.jdk/Contents/Home/jre/lib/plugin.jar:/Library/Java/JavaVirtualMachines/jdk1.8.0_31.jdk/Contents/Home/jre/lib/resources.jar:/Library/Java/JavaVirtualMachines/jdk1.8.0_31.jdk/Contents/Home/jre/lib/rt.jar:/Library/Java/JavaVirtualMachines/jdk1.8.0_31.jdk/Contents/Home/jre/lib/ext/cldrdata.jar:/Library/Java/JavaVirtualMachines/jdk1.8.0_31.jdk/Contents/Home/jre/lib/ext/dnsns.jar:/Library/Java/JavaVirtualMachines/jdk1.8.0_31.jdk/Contents/Home/jre/lib/ext/jfxrt.jar:/Library/Java/JavaVirtualMachines/jdk1.8.0_31.jdk/Contents/Home/jre/lib/ext/localedata.jar:/Library/Java/JavaVirtualMachines/jdk1.8.0_31.jdk/Contents/Home/jre/lib/ext/nashorn.jar:/Library/Java/JavaVirtualMachines/jdk1.8.0_31.jdk/Contents/Home/jre/lib/ext/sunec.jar:/Library/Java/JavaVirtualMachines/jdk1.8.0_31.jdk/C
Launcher Type: SUN_STANDARD

Environment Variables:
JAVA_HOME=/Library/Java/JavaVirtualMachines/jdk1.8.0_31.jdk/Contents/Home
PATH=/Library/Java/JavaVirtualMachines/jdk1.8.0_31.jdk/Contents/Home/bin:/usr/local/bin:/usr/bin:/bin:/usr/sbin:/sbin:/Applications/Postgres.app/Contents/Versions/9.3/bin:/usr/local/mysql/bin/:/Users/arigolub/Programming/frameworks/apache-maven-3.2.5/bin:/Users/arigolub/Programming/frameworks/activator-1.2.10-minimal
SHELL=/bin/bash

Signal Handlers:
SIGSEGV: [libjvm.dylib+0x57a0e7], sa_mask[0]=11111111011111110111111111111111, sa_flags=SA_ONSTACK|SA_RESTART|SA_SIGINFO
SIGBUS: [libjvm.dylib+0x57a0e7], sa_mask[0]=11111111011111110111111111111111, sa_flags=SA_RESTART|SA_SIGINFO
SIGFPE: [libjvm.dylib+0x45af24], sa_mask[0]=11111111011111110111111111111111, sa_flags=SA_RESTART|SA_SIGINFO
SIGPIPE: [libjvm.dylib+0x45af24], sa_mask[0]=11111111011111110111111111111111, sa_flags=SA_RESTART|SA_SIGINFO
SIGXFSZ: [libjvm.dylib+0x45af24], sa_mask[0]=11111111011111110111111111111111, sa_flags=SA_RESTART|SA_SIGINFO
SIGILL: [libjvm.dylib+0x45af24], sa_mask[0]=11111111011111110111111111111111, sa_flags=SA_RESTART|SA_SIGINFO
SIGUSR1: SIG_DFL, sa_mask[0]=00000000000000000000000000000000, sa_flags=none
SIGUSR2: [libjvm.dylib+0x45aa42], sa_mask[0]=00100000000000000000000000000000, sa_flags=SA_RESTART|SA_SIGINFO
SIGHUP: [libjvm.dylib+0x459015], sa_mask[0]=11111111011111110111111111111111, sa_flags=SA_RESTART|SA_SIGINFO
SIGINT: [libjvm.dylib+0x459015], sa_mask[0]=11111111011111110111111111111111, sa_flags=SA_RESTART|SA_SIGINFO
SIGTERM: [libjvm.dylib+0x459015], sa_mask[0]=11111111011111110111111111111111, sa_flags=SA_RESTART|SA_SIGINFO
SIGQUIT: [libjvm.dylib+0x459015], sa_mask[0]=11111111011111110111111111111111, sa_flags=SA_RESTART|SA_SIGINFO


---------------  S Y S T E M  ---------------

OS:Bsduname:Darwin 14.1.0 Darwin Kernel Version 14.1.0: Mon Dec 22 23:10:38 PST 2014; root:xnu-2782.10.72~2/RELEASE_X86_64 x86_64
rlimit: STACK 8192k, CORE 0k, NPROC 709, NOFILE 10240, AS infinity
load average:3.14 2.95 3.09

CPU:total 4 (2 cores per cpu, 2 threads per core) family 6 model 69 stepping 1, cmov, cx8, fxsr, mmx, sse, sse2, sse3, ssse3, sse4.1, sse4.2, popcnt, avx, avx2, aes, clmul, erms, lzcnt, ht, tsc, tscinvbit, bmi1, bmi2

Memory: 4k page, physical 16777216k(3609808k free)

/proc/meminfo:


vm_info: Java HotSpot(TM) 64-Bit Server VM (25.31-b07) for bsd-amd64 JRE (1.8.0_31-b13), built on Dec 17 2014 20:45:36 by "java_re" with gcc 4.2.1 (Based on Apple Inc. build 5658) (LLVM build 2336.11.00)

time: Wed Mar  4 09:25:46 2015
elapsed time: 251 seconds (0d 0h 4m 11s)

